/home/nttung/anaconda3/envs/detectron2/lib/python3.6/site-packages/torchvision/transforms/transforms.py:286: UserWarning: The use of the transforms.Scale transform is deprecated, please use transforms.Resize instead.
  "please use transforms.Resize instead.")
wandb: Currently logged in as: nttung1110 (use `wandb login --relogin` to force relogin)
-------Initialize dataset----------
-------Finish initialization----------
wandb: wandb version 0.11.0 is available!  To upgrade, please run:
wandb:  $ pip install wandb --upgrade
wandb: Tracking run with wandb version 0.10.32
wandb: Syncing run sleek-elevator-129
wandb: ⭐️ View project at https://wandb.ai/nttung1110/Thesis
wandb: 🚀 View run at https://wandb.ai/nttung1110/Thesis/runs/35jfm6xo
wandb: Run data is saved locally in /home/nttung/person-in-context/BPA-Net/bash/wandb/run-20210724_181547-35jfm6xo
wandb: Run `wandb offline` to turn off syncing.

[epoch_12, batch_50] loss: 0.039
[epoch_12, batch_100] loss: 0.051
[epoch_12, batch_150] loss: 0.038
[epoch_12, batch_200] loss: 0.050
[epoch_12, batch_250] loss: 0.050
[epoch_12, batch_300] loss: 0.043
[epoch_12, batch_350] loss: 0.037
[epoch_12, batch_400] loss: 0.045
[epoch_12, batch_450] loss: 0.053
[epoch_12, batch_500] loss: 0.033
[epoch_12, batch_550] loss: 0.036
[epoch_12, batch_600] loss: 0.043
[epoch_12, batch_650] loss: 0.038
[epoch_12, batch_700] loss: 0.051
[epoch_12, batch_750] loss: 0.041
[epoch_12, batch_800] loss: 0.050
[epoch_12, batch_850] loss: 0.056
[epoch_12, batch_900] loss: 0.046
[epoch_12, batch_950] loss: 0.052
[epoch_12, batch_1000] loss: 0.048
[epoch_12, batch_1050] loss: 0.047
[epoch_12, batch_1100] loss: 0.046
[epoch_12, batch_1150] loss: 0.039
[epoch_12, batch_1200] loss: 0.057
[epoch_12, batch_1250] loss: 0.033
[epoch_12, batch_1300] loss: 0.056
[epoch_12, batch_1350] loss: 0.048
[epoch_13, batch_50] loss: 0.070
[epoch_13, batch_100] loss: 0.034
[epoch_13, batch_150] loss: 0.042
[epoch_13, batch_200] loss: 0.039
[epoch_13, batch_250] loss: 0.036
[epoch_13, batch_300] loss: 0.050
[epoch_13, batch_350] loss: 0.048
[epoch_13, batch_400] loss: 0.045
[epoch_13, batch_450] loss: 0.043
[epoch_13, batch_500] loss: 0.046
[epoch_13, batch_550] loss: 0.038
[epoch_13, batch_600] loss: 0.039
[epoch_13, batch_650] loss: 0.053
[epoch_13, batch_700] loss: 0.048
[epoch_13, batch_750] loss: 0.041
[epoch_13, batch_800] loss: 0.037
[epoch_13, batch_850] loss: 0.034
[epoch_13, batch_900] loss: 0.047
[epoch_13, batch_950] loss: 0.044
[epoch_13, batch_1000] loss: 0.035
[epoch_13, batch_1050] loss: 0.051
[epoch_13, batch_1100] loss: 0.046
[epoch_13, batch_1150] loss: 0.046
[epoch_13, batch_1200] loss: 0.049
[epoch_13, batch_1250] loss: 0.038
[epoch_13, batch_1300] loss: 0.042
[epoch_13, batch_1350] loss: 0.043
[epoch_14, batch_50] loss: 0.070
[epoch_14, batch_100] loss: 0.042
[epoch_14, batch_150] loss: 0.038
[epoch_14, batch_200] loss: 0.040
[epoch_14, batch_250] loss: 0.036
[epoch_14, batch_300] loss: 0.042
[epoch_14, batch_350] loss: 0.034
[epoch_14, batch_400] loss: 0.041
[epoch_14, batch_450] loss: 0.033
[epoch_14, batch_500] loss: 0.071
[epoch_14, batch_550] loss: 0.039
[epoch_14, batch_600] loss: 0.036
[epoch_14, batch_650] loss: 0.043
[epoch_14, batch_700] loss: 0.030
[epoch_14, batch_750] loss: 0.057
[epoch_14, batch_800] loss: 0.039
[epoch_14, batch_850] loss: 0.034
[epoch_14, batch_900] loss: 0.034
[epoch_14, batch_950] loss: 0.050
[epoch_14, batch_1000] loss: 0.043
[epoch_14, batch_1050] loss: 0.037
[epoch_14, batch_1100] loss: 0.046
[epoch_14, batch_1150] loss: 0.038
[epoch_14, batch_1200] loss: 0.038
[epoch_14, batch_1250] loss: 0.045
[epoch_14, batch_1300] loss: 0.036
[epoch_14, batch_1350] loss: 0.036
[epoch_15, batch_50] loss: 0.063
[epoch_15, batch_100] loss: 0.044
[epoch_15, batch_150] loss: 0.033
[epoch_15, batch_200] loss: 0.050
[epoch_15, batch_250] loss: 0.037
[epoch_15, batch_300] loss: 0.039
[epoch_15, batch_350] loss: 0.031
[epoch_15, batch_400] loss: 0.036
[epoch_15, batch_450] loss: 0.037
[epoch_15, batch_500] loss: 0.037
[epoch_15, batch_550] loss: 0.045
[epoch_15, batch_600] loss: 0.038
[epoch_15, batch_650] loss: 0.030
[epoch_15, batch_700] loss: 0.032
[epoch_15, batch_750] loss: 0.031
[epoch_15, batch_800] loss: 0.042
[epoch_15, batch_850] loss: 0.036
[epoch_15, batch_900] loss: 0.043
[epoch_15, batch_950] loss: 0.041
[epoch_15, batch_1000] loss: 0.032
[epoch_15, batch_1050] loss: 0.043
[epoch_15, batch_1100] loss: 0.050
[epoch_15, batch_1150] loss: 0.043
[epoch_15, batch_1200] loss: 0.037
[epoch_15, batch_1250] loss: 0.035
[epoch_15, batch_1300] loss: 0.038
[epoch_15, batch_1350] loss: 0.038
[epoch_16, batch_50] loss: 0.064
[epoch_16, batch_100] loss: 0.034
[epoch_16, batch_150] loss: 0.032
[epoch_16, batch_200] loss: 0.035
[epoch_16, batch_250] loss: 0.037
[epoch_16, batch_300] loss: 0.032
[epoch_16, batch_350] loss: 0.032
[epoch_16, batch_400] loss: 0.026
[epoch_16, batch_450] loss: 0.036
[epoch_16, batch_500] loss: 0.032
[epoch_16, batch_550] loss: 0.037
[epoch_16, batch_600] loss: 0.041
[epoch_16, batch_650] loss: 0.026
[epoch_16, batch_700] loss: 0.039
[epoch_16, batch_750] loss: 0.033
[epoch_16, batch_800] loss: 0.029
[epoch_16, batch_850] loss: 0.043
[epoch_16, batch_900] loss: 0.048
[epoch_16, batch_950] loss: 0.036
[epoch_16, batch_1000] loss: 0.033
[epoch_16, batch_1050] loss: 0.033
[epoch_16, batch_1100] loss: 0.047
[epoch_16, batch_1150] loss: 0.039
[epoch_16, batch_1200] loss: 0.039
[epoch_16, batch_1250] loss: 0.038
[epoch_16, batch_1300] loss: 0.034
[epoch_16, batch_1350] loss: 0.049
[epoch_17, batch_50] loss: 0.052
[epoch_17, batch_100] loss: 0.030
[epoch_17, batch_150] loss: 0.031
[epoch_17, batch_200] loss: 0.039
[epoch_17, batch_250] loss: 0.030
[epoch_17, batch_300] loss: 0.024
[epoch_17, batch_350] loss: 0.030
[epoch_17, batch_400] loss: 0.030
[epoch_17, batch_450] loss: 0.029
[epoch_17, batch_500] loss: 0.033
[epoch_17, batch_550] loss: 0.042
[epoch_17, batch_600] loss: 0.032
[epoch_17, batch_650] loss: 0.037
[epoch_17, batch_700] loss: 0.034
[epoch_17, batch_750] loss: 0.032
[epoch_17, batch_800] loss: 0.030
[epoch_17, batch_850] loss: 0.029
[epoch_17, batch_900] loss: 0.030
[epoch_17, batch_950] loss: 0.038
[epoch_17, batch_1000] loss: 0.029
[epoch_17, batch_1050] loss: 0.040
[epoch_17, batch_1100] loss: 0.028
[epoch_17, batch_1150] loss: 0.039
[epoch_17, batch_1200] loss: 0.033
[epoch_17, batch_1250] loss: 0.034
[epoch_17, batch_1300] loss: 0.034
[epoch_17, batch_1350] loss: 0.034
[epoch_18, batch_50] loss: 0.071
[epoch_18, batch_100] loss: 0.023
[epoch_18, batch_150] loss: 0.028
[epoch_18, batch_200] loss: 0.028
[epoch_18, batch_250] loss: 0.019
[epoch_18, batch_300] loss: 0.039
[epoch_18, batch_350] loss: 0.038
[epoch_18, batch_400] loss: 0.030
[epoch_18, batch_450] loss: 0.028
[epoch_18, batch_500] loss: 0.036
[epoch_18, batch_550] loss: 0.030
[epoch_18, batch_600] loss: 0.029
[epoch_18, batch_650] loss: 0.036
[epoch_18, batch_700] loss: 0.037
[epoch_18, batch_750] loss: 0.027
[epoch_18, batch_800] loss: 0.028
[epoch_18, batch_850] loss: 0.038
[epoch_18, batch_900] loss: 0.024
[epoch_18, batch_950] loss: 0.046
[epoch_18, batch_1000] loss: 0.028
[epoch_18, batch_1050] loss: 0.031
[epoch_18, batch_1100] loss: 0.039
[epoch_18, batch_1150] loss: 0.031
[epoch_18, batch_1200] loss: 0.035
[epoch_18, batch_1250] loss: 0.039
[epoch_18, batch_1300] loss: 0.028
[epoch_18, batch_1350] loss: 0.035
[epoch_19, batch_50] loss: 0.055
[epoch_19, batch_100] loss: 0.033
[epoch_19, batch_150] loss: 0.027
[epoch_19, batch_200] loss: 0.024
[epoch_19, batch_250] loss: 0.024
[epoch_19, batch_300] loss: 0.037
[epoch_19, batch_350] loss: 0.029
[epoch_19, batch_400] loss: 0.026
[epoch_19, batch_450] loss: 0.024
[epoch_19, batch_500] loss: 0.025
[epoch_19, batch_550] loss: 0.024
[epoch_19, batch_600] loss: 0.030
[epoch_19, batch_650] loss: 0.028
[epoch_19, batch_700] loss: 0.048
[epoch_19, batch_750] loss: 0.031
[epoch_19, batch_800] loss: 0.024
[epoch_19, batch_850] loss: 0.024
[epoch_19, batch_900] loss: 0.023
[epoch_19, batch_950] loss: 0.040
[epoch_19, batch_1000] loss: 0.038
[epoch_19, batch_1050] loss: 0.028
[epoch_19, batch_1100] loss: 0.028
[epoch_19, batch_1150] loss: 0.021
[epoch_19, batch_1200] loss: 0.030
[epoch_19, batch_1250] loss: 0.027
[epoch_19, batch_1300] loss: 0.037
[epoch_19, batch_1350] loss: 0.029
[epoch_20, batch_50] loss: 0.058
[epoch_20, batch_100] loss: 0.025
[epoch_20, batch_150] loss: 0.024
[epoch_20, batch_200] loss: 0.033
[epoch_20, batch_250] loss: 0.028
[epoch_20, batch_300] loss: 0.026
[epoch_20, batch_350] loss: 0.023
[epoch_20, batch_400] loss: 0.026
[epoch_20, batch_450] loss: 0.029
[epoch_20, batch_500] loss: 0.020
[epoch_20, batch_550] loss: 0.025
[epoch_20, batch_600] loss: 0.020
[epoch_20, batch_650] loss: 0.032
[epoch_20, batch_700] loss: 0.024
[epoch_20, batch_750] loss: 0.027
[epoch_20, batch_800] loss: 0.034
[epoch_20, batch_850] loss: 0.029
[epoch_20, batch_900] loss: 0.023
[epoch_20, batch_950] loss: 0.028
[epoch_20, batch_1000] loss: 0.028
[epoch_20, batch_1050] loss: 0.027
[epoch_20, batch_1100] loss: 0.022
[epoch_20, batch_1150] loss: 0.034
[epoch_20, batch_1200] loss: 0.024
[epoch_20, batch_1250] loss: 0.035
[epoch_20, batch_1300] loss: 0.028
[epoch_20, batch_1350] loss: 0.038
[epoch_21, batch_50] loss: 0.063
[epoch_21, batch_100] loss: 0.021
[epoch_21, batch_150] loss: 0.030
[epoch_21, batch_200] loss: 0.021
[epoch_21, batch_250] loss: 0.025
[epoch_21, batch_300] loss: 0.021
[epoch_21, batch_350] loss: 0.033
[epoch_21, batch_400] loss: 0.039
[epoch_21, batch_450] loss: 0.021
[epoch_21, batch_500] loss: 0.021
[epoch_21, batch_550] loss: 0.024
[epoch_21, batch_600] loss: 0.026
[epoch_21, batch_650] loss: 0.028
[epoch_21, batch_700] loss: 0.028
[epoch_21, batch_750] loss: 0.022
[epoch_21, batch_800] loss: 0.040
[epoch_21, batch_850] loss: 0.027
[epoch_21, batch_900] loss: 0.024
[epoch_21, batch_950] loss: 0.024
[epoch_21, batch_1000] loss: 0.032
[epoch_21, batch_1050] loss: 0.034
[epoch_21, batch_1100] loss: 0.033
[epoch_21, batch_1150] loss: 0.025
[epoch_21, batch_1200] loss: 0.028
[epoch_21, batch_1250] loss: 0.021
[epoch_21, batch_1300] loss: 0.022
[epoch_21, batch_1350] loss: 0.024
[epoch_22, batch_50] loss: 0.053
[epoch_22, batch_100] loss: 0.021
[epoch_22, batch_150] loss: 0.026
[epoch_22, batch_200] loss: 0.017
[epoch_22, batch_250] loss: 0.023
[epoch_22, batch_300] loss: 0.022
[epoch_22, batch_350] loss: 0.024
[epoch_22, batch_400] loss: 0.021
[epoch_22, batch_450] loss: 0.032
[epoch_22, batch_500] loss: 0.030
[epoch_22, batch_550] loss: 0.026
[epoch_22, batch_600] loss: 0.036
[epoch_22, batch_650] loss: 0.024
[epoch_22, batch_700] loss: 0.021
[epoch_22, batch_750] loss: 0.024
[epoch_22, batch_800] loss: 0.023
[epoch_22, batch_850] loss: 0.029
[epoch_22, batch_900] loss: 0.023
[epoch_22, batch_950] loss: 0.019
[epoch_22, batch_1000] loss: 0.024
[epoch_22, batch_1050] loss: 0.043
[epoch_22, batch_1100] loss: 0.026
[epoch_22, batch_1150] loss: 0.027
[epoch_22, batch_1200] loss: 0.030
[epoch_22, batch_1250] loss: 0.024
[epoch_22, batch_1300] loss: 0.024
[epoch_22, batch_1350] loss: 0.018
[epoch_23, batch_50] loss: 0.035
[epoch_23, batch_100] loss: 0.027
[epoch_23, batch_150] loss: 0.020
[epoch_23, batch_200] loss: 0.015
[epoch_23, batch_250] loss: 0.016
[epoch_23, batch_300] loss: 0.023
[epoch_23, batch_350] loss: 0.026
[epoch_23, batch_400] loss: 0.011
[epoch_23, batch_450] loss: 0.020
[epoch_23, batch_500] loss: 0.034
[epoch_23, batch_550] loss: 0.026
[epoch_23, batch_600] loss: 0.012
[epoch_23, batch_650] loss: 0.022
[epoch_23, batch_700] loss: 0.033
[epoch_23, batch_750] loss: 0.027
[epoch_23, batch_800] loss: 0.023
[epoch_23, batch_850] loss: 0.022
[epoch_23, batch_900] loss: 0.025
[epoch_23, batch_950] loss: 0.027
[epoch_23, batch_1000] loss: 0.027
[epoch_23, batch_1050] loss: 0.024
[epoch_23, batch_1100] loss: 0.022
[epoch_23, batch_1150] loss: 0.023
[epoch_23, batch_1200] loss: 0.031
[epoch_23, batch_1250] loss: 0.034
[epoch_23, batch_1300] loss: 0.027
[epoch_23, batch_1350] loss: 0.021
[epoch_24, batch_50] loss: 0.036
[epoch_24, batch_100] loss: 0.017
[epoch_24, batch_150] loss: 0.016
[epoch_24, batch_200] loss: 0.015
[epoch_24, batch_250] loss: 0.020
[epoch_24, batch_300] loss: 0.018
[epoch_24, batch_350] loss: 0.022
[epoch_24, batch_400] loss: 0.018
[epoch_24, batch_450] loss: 0.022
[epoch_24, batch_500] loss: 0.026
[epoch_24, batch_550] loss: 0.018
[epoch_24, batch_600] loss: 0.023
[epoch_24, batch_650] loss: 0.023
[epoch_24, batch_700] loss: 0.025
[epoch_24, batch_750] loss: 0.033
[epoch_24, batch_800] loss: 0.016
[epoch_24, batch_850] loss: 0.019
[epoch_24, batch_900] loss: 0.031
[epoch_24, batch_950] loss: 0.025
[epoch_24, batch_1000] loss: 0.024
[epoch_24, batch_1050] loss: 0.023
[epoch_24, batch_1100] loss: 0.016
[epoch_24, batch_1150] loss: 0.027
[epoch_24, batch_1200] loss: 0.028
[epoch_24, batch_1250] loss: 0.030
[epoch_24, batch_1300] loss: 0.023
[epoch_24, batch_1350] loss: 0.017
[epoch_25, batch_50] loss: 0.042
[epoch_25, batch_100] loss: 0.011
[epoch_25, batch_150] loss: 0.014
[epoch_25, batch_200] loss: 0.022
[epoch_25, batch_250] loss: 0.015
[epoch_25, batch_300] loss: 0.020
[epoch_25, batch_350] loss: 0.020
[epoch_25, batch_400] loss: 0.017
[epoch_25, batch_450] loss: 0.016
[epoch_25, batch_500] loss: 0.016
[epoch_25, batch_550] loss: 0.017
[epoch_25, batch_600] loss: 0.022
[epoch_25, batch_650] loss: 0.020
[epoch_25, batch_700] loss: 0.012
[epoch_25, batch_750] loss: 0.017
[epoch_25, batch_800] loss: 0.022
[epoch_25, batch_850] loss: 0.021
[epoch_25, batch_900] loss: 0.022
[epoch_25, batch_950] loss: 0.021
[epoch_25, batch_1000] loss: 0.022
[epoch_25, batch_1050] loss: 0.024
[epoch_25, batch_1100] loss: 0.025
[epoch_25, batch_1150] loss: 0.030
[epoch_25, batch_1200] loss: 0.020
[epoch_25, batch_1250] loss: 0.018
[epoch_25, batch_1300] loss: 0.022
[epoch_25, batch_1350] loss: 0.018
[epoch_26, batch_50] loss: 0.043
[epoch_26, batch_100] loss: 0.022
[epoch_26, batch_150] loss: 0.017
[epoch_26, batch_200] loss: 0.022
[epoch_26, batch_250] loss: 0.020
[epoch_26, batch_300] loss: 0.016
[epoch_26, batch_350] loss: 0.018
[epoch_26, batch_400] loss: 0.019
[epoch_26, batch_450] loss: 0.016
[epoch_26, batch_500] loss: 0.017
[epoch_26, batch_550] loss: 0.025
[epoch_26, batch_600] loss: 0.020
[epoch_26, batch_650] loss: 0.018
[epoch_26, batch_700] loss: 0.019
[epoch_26, batch_750] loss: 0.018
[epoch_26, batch_800] loss: 0.018
[epoch_26, batch_850] loss: 0.016
[epoch_26, batch_900] loss: 0.018
[epoch_26, batch_950] loss: 0.022
[epoch_26, batch_1000] loss: 0.017
[epoch_26, batch_1050] loss: 0.023
[epoch_26, batch_1100] loss: 0.016
[epoch_26, batch_1150] loss: 0.016
[epoch_26, batch_1200] loss: 0.023
[epoch_26, batch_1250] loss: 0.021
[epoch_26, batch_1300] loss: 0.024
[epoch_26, batch_1350] loss: 0.021
[epoch_27, batch_50] loss: 0.044
[epoch_27, batch_100] loss: 0.019
[epoch_27, batch_150] loss: 0.022
[epoch_27, batch_200] loss: 0.016
[epoch_27, batch_250] loss: 0.022
[epoch_27, batch_300] loss: 0.018
[epoch_27, batch_350] loss: 0.025
[epoch_27, batch_400] loss: 0.022
[epoch_27, batch_450] loss: 0.016
[epoch_27, batch_500] loss: 0.013
[epoch_27, batch_550] loss: 0.013
[epoch_27, batch_600] loss: 0.020
[epoch_27, batch_650] loss: 0.016
[epoch_27, batch_700] loss: 0.012
[epoch_27, batch_750] loss: 0.020
[epoch_27, batch_800] loss: 0.028
[epoch_27, batch_850] loss: 0.028
[epoch_27, batch_900] loss: 0.018
[epoch_27, batch_950] loss: 0.024
[epoch_27, batch_1000] loss: 0.013
[epoch_27, batch_1050] loss: 0.014
[epoch_27, batch_1100] loss: 0.024
[epoch_27, batch_1150] loss: 0.032
[epoch_27, batch_1200] loss: 0.022
[epoch_27, batch_1250] loss: 0.021
[epoch_27, batch_1300] loss: 0.015
[epoch_27, batch_1350] loss: 0.028
[epoch_28, batch_50] loss: 0.037
[epoch_28, batch_100] loss: 0.016
[epoch_28, batch_150] loss: 0.017
[epoch_28, batch_200] loss: 0.019
[epoch_28, batch_250] loss: 0.018
[epoch_28, batch_300] loss: 0.011
[epoch_28, batch_350] loss: 0.012
[epoch_28, batch_400] loss: 0.027
[epoch_28, batch_450] loss: 0.019
[epoch_28, batch_500] loss: 0.015
[epoch_28, batch_550] loss: 0.017
[epoch_28, batch_600] loss: 0.019
[epoch_28, batch_650] loss: 0.025
[epoch_28, batch_700] loss: 0.019
[epoch_28, batch_750] loss: 0.027
[epoch_28, batch_800] loss: 0.021
[epoch_28, batch_850] loss: 0.013
[epoch_28, batch_900] loss: 0.014
[epoch_28, batch_950] loss: 0.015
[epoch_28, batch_1000] loss: 0.014
[epoch_28, batch_1050] loss: 0.017
[epoch_28, batch_1100] loss: 0.015
[epoch_28, batch_1150] loss: 0.018
[epoch_28, batch_1200] loss: 0.013
[epoch_28, batch_1250] loss: 0.009
[epoch_28, batch_1300] loss: 0.020
[epoch_28, batch_1350] loss: 0.016
[epoch_29, batch_50] loss: 0.034
[epoch_29, batch_100] loss: 0.012
[epoch_29, batch_150] loss: 0.015
[epoch_29, batch_200] loss: 0.021
[epoch_29, batch_250] loss: 0.013
[epoch_29, batch_300] loss: 0.016
[epoch_29, batch_350] loss: 0.018
[epoch_29, batch_400] loss: 0.013
[epoch_29, batch_450] loss: 0.014
[epoch_29, batch_500] loss: 0.019
[epoch_29, batch_550] loss: 0.013
[epoch_29, batch_600] loss: 0.011
[epoch_29, batch_650] loss: 0.012
[epoch_29, batch_700] loss: 0.011
[epoch_29, batch_750] loss: 0.023
[epoch_29, batch_800] loss: 0.011
[epoch_29, batch_850] loss: 0.017
[epoch_29, batch_900] loss: 0.017
[epoch_29, batch_950] loss: 0.023
[epoch_29, batch_1000] loss: 0.018
[epoch_29, batch_1050] loss: 0.015
[epoch_29, batch_1100] loss: 0.016
[epoch_29, batch_1150] loss: 0.010
[epoch_29, batch_1200] loss: 0.016
[epoch_29, batch_1250] loss: 0.019
[epoch_29, batch_1300] loss: 0.016
[epoch_29, batch_1350] loss: 0.020
[epoch_30, batch_50] loss: 0.059
[epoch_30, batch_100] loss: 0.018
[epoch_30, batch_150] loss: 0.018
[epoch_30, batch_200] loss: 0.012
[epoch_30, batch_250] loss: 0.015
[epoch_30, batch_300] loss: 0.012
[epoch_30, batch_350] loss: 0.018
[epoch_30, batch_400] loss: 0.020
[epoch_30, batch_450] loss: 0.017
[epoch_30, batch_500] loss: 0.017
[epoch_30, batch_550] loss: 0.014
[epoch_30, batch_600] loss: 0.016
[epoch_30, batch_650] loss: 0.017
[epoch_30, batch_700] loss: 0.013
[epoch_30, batch_750] loss: 0.012
[epoch_30, batch_800] loss: 0.011
[epoch_30, batch_850] loss: 0.012
[epoch_30, batch_900] loss: 0.014
[epoch_30, batch_950] loss: 0.017
[epoch_30, batch_1000] loss: 0.018
[epoch_30, batch_1050] loss: 0.021
[epoch_30, batch_1100] loss: 0.030
[epoch_30, batch_1150] loss: 0.024
[epoch_30, batch_1200] loss: 0.019
[epoch_30, batch_1250] loss: 0.023
[epoch_30, batch_1300] loss: 0.021
[epoch_30, batch_1350] loss: 0.013
[epoch_31, batch_50] loss: 0.016
[epoch_31, batch_100] loss: 0.013
[epoch_31, batch_150] loss: 0.011
[epoch_31, batch_200] loss: 0.013
[epoch_31, batch_250] loss: 0.029
[epoch_31, batch_300] loss: 0.012
[epoch_31, batch_350] loss: 0.016
[epoch_31, batch_400] loss: 0.008
[epoch_31, batch_450] loss: 0.014
[epoch_31, batch_500] loss: 0.012
[epoch_31, batch_550] loss: 0.012
[epoch_31, batch_600] loss: 0.009
[epoch_31, batch_650] loss: 0.011
[epoch_31, batch_700] loss: 0.014
[epoch_31, batch_750] loss: 0.010
[epoch_31, batch_800] loss: 0.011
[epoch_31, batch_850] loss: 0.025
[epoch_31, batch_900] loss: 0.017
[epoch_31, batch_950] loss: 0.016
[epoch_31, batch_1000] loss: 0.011
[epoch_31, batch_1050] loss: 0.016
[epoch_31, batch_1100] loss: 0.018
[epoch_31, batch_1150] loss: 0.019
[epoch_31, batch_1200] loss: 0.017
[epoch_31, batch_1250] loss: 0.015
[epoch_31, batch_1300] loss: 0.020
[epoch_31, batch_1350] loss: 0.013
[epoch_32, batch_50] loss: 0.034
[epoch_32, batch_100] loss: 0.018
[epoch_32, batch_150] loss: 0.015
[epoch_32, batch_200] loss: 0.011
[epoch_32, batch_250] loss: 0.008
[epoch_32, batch_300] loss: 0.015
[epoch_32, batch_350] loss: 0.013
[epoch_32, batch_400] loss: 0.011
[epoch_32, batch_450] loss: 0.014
[epoch_32, batch_500] loss: 0.013
[epoch_32, batch_550] loss: 0.015
[epoch_32, batch_600] loss: 0.020
[epoch_32, batch_650] loss: 0.030
[epoch_32, batch_700] loss: 0.012
[epoch_32, batch_750] loss: 0.015
[epoch_32, batch_800] loss: 0.023
[epoch_32, batch_850] loss: 0.018
[epoch_32, batch_900] loss: 0.022
[epoch_32, batch_950] loss: 0.024
[epoch_32, batch_1000] loss: 0.022
[epoch_32, batch_1050] loss: 0.012
[epoch_32, batch_1100] loss: 0.011
[epoch_32, batch_1150] loss: 0.013
[epoch_32, batch_1200] loss: 0.015
[epoch_32, batch_1250] loss: 0.012
[epoch_32, batch_1300] loss: 0.025
[epoch_32, batch_1350] loss: 0.019
[epoch_33, batch_50] loss: 0.026
[epoch_33, batch_100] loss: 0.010
[epoch_33, batch_150] loss: 0.011
[epoch_33, batch_200] loss: 0.009
[epoch_33, batch_250] loss: 0.010
[epoch_33, batch_300] loss: 0.013
[epoch_33, batch_350] loss: 0.011
[epoch_33, batch_400] loss: 0.009
[epoch_33, batch_450] loss: 0.008
[epoch_33, batch_500] loss: 0.010
[epoch_33, batch_550] loss: 0.012
[epoch_33, batch_600] loss: 0.013
[epoch_33, batch_650] loss: 0.011
[epoch_33, batch_700] loss: 0.009
[epoch_33, batch_750] loss: 0.012
[epoch_33, batch_800] loss: 0.014
[epoch_33, batch_850] loss: 0.013
[epoch_33, batch_900] loss: 0.016
[epoch_33, batch_950] loss: 0.017
[epoch_33, batch_1000] loss: 0.015
[epoch_33, batch_1050] loss: 0.011
[epoch_33, batch_1100] loss: 0.010
[epoch_33, batch_1150] loss: 0.012
[epoch_33, batch_1200] loss: 0.028
[epoch_33, batch_1250] loss: 0.014
[epoch_33, batch_1300] loss: 0.009
[epoch_33, batch_1350] loss: 0.015
[epoch_34, batch_50] loss: 0.019
[epoch_34, batch_100] loss: 0.008
[epoch_34, batch_150] loss: 0.007
[epoch_34, batch_200] loss: 0.008
[epoch_34, batch_250] loss: 0.014
[epoch_34, batch_300] loss: 0.009
[epoch_34, batch_350] loss: 0.010
[epoch_34, batch_400] loss: 0.009
[epoch_34, batch_450] loss: 0.014
[epoch_34, batch_500] loss: 0.010
[epoch_34, batch_550] loss: 0.010
[epoch_34, batch_600] loss: 0.010
[epoch_34, batch_650] loss: 0.012
[epoch_34, batch_700] loss: 0.010
[epoch_34, batch_750] loss: 0.019
[epoch_34, batch_800] loss: 0.018
[epoch_34, batch_850] loss: 0.021
[epoch_34, batch_900] loss: 0.037
[epoch_34, batch_950] loss: 0.015
[epoch_34, batch_1000] loss: 0.011
[epoch_34, batch_1050] loss: 0.012
[epoch_34, batch_1100] loss: 0.010
[epoch_34, batch_1150] loss: 0.015
[epoch_34, batch_1200] loss: 0.016
[epoch_34, batch_1250] loss: 0.012
[epoch_34, batch_1300] loss: 0.009
[epoch_34, batch_1350] loss: 0.010
[epoch_35, batch_50] loss: 0.016
[epoch_35, batch_100] loss: 0.015
[epoch_35, batch_150] loss: 0.012
[epoch_35, batch_200] loss: 0.007
[epoch_35, batch_250] loss: 0.007
[epoch_35, batch_300] loss: 0.015
[epoch_35, batch_350] loss: 0.012
[epoch_35, batch_400] loss: 0.008
[epoch_35, batch_450] loss: 0.014
[epoch_35, batch_500] loss: 0.007
[epoch_35, batch_550] loss: 0.010
[epoch_35, batch_600] loss: 0.016
[epoch_35, batch_650] loss: 0.013
[epoch_35, batch_700] loss: 0.010
[epoch_35, batch_750] loss: 0.014
[epoch_35, batch_800] loss: 0.008
[epoch_35, batch_850] loss: 0.015
[epoch_35, batch_900] loss: 0.022
[epoch_35, batch_950] loss: 0.011
[epoch_35, batch_1000] loss: 0.011
[epoch_35, batch_1050] loss: 0.009
[epoch_35, batch_1100] loss: 0.011
[epoch_35, batch_1150] loss: 0.015
[epoch_35, batch_1200] loss: 0.011
[epoch_35, batch_1250] loss: 0.024
[epoch_35, batch_1300] loss: 0.006
[epoch_35, batch_1350] loss: 0.013
[epoch_36, batch_50] loss: 0.019
[epoch_36, batch_100] loss: 0.012
[epoch_36, batch_150] loss: 0.012
[epoch_36, batch_200] loss: 0.013
[epoch_36, batch_250] loss: 0.010
[epoch_36, batch_300] loss: 0.010
[epoch_36, batch_350] loss: 0.008
[epoch_36, batch_400] loss: 0.017
[epoch_36, batch_450] loss: 0.010
[epoch_36, batch_500] loss: 0.011
[epoch_36, batch_550] loss: 0.025
[epoch_36, batch_600] loss: 0.020
[epoch_36, batch_650] loss: 0.016
[epoch_36, batch_700] loss: 0.013
[epoch_36, batch_750] loss: 0.012
[epoch_36, batch_800] loss: 0.013
[epoch_36, batch_850] loss: 0.014
[epoch_36, batch_900] loss: 0.010
[epoch_36, batch_950] loss: 0.010
[epoch_36, batch_1000] loss: 0.007
[epoch_36, batch_1050] loss: 0.016
[epoch_36, batch_1100] loss: 0.011
[epoch_36, batch_1150] loss: 0.010
[epoch_36, batch_1200] loss: 0.010
[epoch_36, batch_1250] loss: 0.010
[epoch_36, batch_1300] loss: 0.012
[epoch_36, batch_1350] loss: 0.010
[epoch_37, batch_50] loss: 0.014
[epoch_37, batch_100] loss: 0.008
[epoch_37, batch_150] loss: 0.006
[epoch_37, batch_200] loss: 0.006
[epoch_37, batch_250] loss: 0.007
[epoch_37, batch_300] loss: 0.008
[epoch_37, batch_350] loss: 0.013
[epoch_37, batch_400] loss: 0.007
[epoch_37, batch_450] loss: 0.010
[epoch_37, batch_500] loss: 0.013
[epoch_37, batch_550] loss: 0.012
[epoch_37, batch_600] loss: 0.008
[epoch_37, batch_650] loss: 0.004
[epoch_37, batch_700] loss: 0.009
[epoch_37, batch_750] loss: 0.007
[epoch_37, batch_800] loss: 0.008
[epoch_37, batch_850] loss: 0.009
[epoch_37, batch_900] loss: 0.016
[epoch_37, batch_950] loss: 0.018
[epoch_37, batch_1000] loss: 0.016
[epoch_37, batch_1050] loss: 0.013
[epoch_37, batch_1100] loss: 0.010
[epoch_37, batch_1150] loss: 0.017
[epoch_37, batch_1200] loss: 0.012
[epoch_37, batch_1250] loss: 0.011
[epoch_37, batch_1300] loss: 0.009
[epoch_37, batch_1350] loss: 0.013
[epoch_38, batch_50] loss: 0.015
[epoch_38, batch_100] loss: 0.006
[epoch_38, batch_150] loss: 0.005
[epoch_38, batch_200] loss: 0.010
[epoch_38, batch_250] loss: 0.008
[epoch_38, batch_300] loss: 0.007
[epoch_38, batch_350] loss: 0.008
[epoch_38, batch_400] loss: 0.009
[epoch_38, batch_450] loss: 0.008
[epoch_38, batch_500] loss: 0.026
[epoch_38, batch_550] loss: 0.014
[epoch_38, batch_600] loss: 0.006
[epoch_38, batch_650] loss: 0.011
[epoch_38, batch_700] loss: 0.013
[epoch_38, batch_750] loss: 0.012
[epoch_38, batch_800] loss: 0.008
[epoch_38, batch_850] loss: 0.010
[epoch_38, batch_900] loss: 0.011
[epoch_38, batch_950] loss: 0.013
[epoch_38, batch_1000] loss: 0.006
[epoch_38, batch_1050] loss: 0.010
[epoch_38, batch_1100] loss: 0.012
[epoch_38, batch_1150] loss: 0.007
[epoch_38, batch_1200] loss: 0.009
[epoch_38, batch_1250] loss: 0.011
[epoch_38, batch_1300] loss: 0.011
[epoch_38, batch_1350] loss: 0.009
[epoch_39, batch_50] loss: 0.024
[epoch_39, batch_100] loss: 0.010
[epoch_39, batch_150] loss: 0.009
[epoch_39, batch_200] loss: 0.008
[epoch_39, batch_250] loss: 0.010
[epoch_39, batch_300] loss: 0.007
[epoch_39, batch_350] loss: 0.009
[epoch_39, batch_400] loss: 0.017
[epoch_39, batch_450] loss: 0.010
[epoch_39, batch_500] loss: 0.014
[epoch_39, batch_550] loss: 0.007
[epoch_39, batch_600] loss: 0.007
[epoch_39, batch_650] loss: 0.008
[epoch_39, batch_700] loss: 0.010
[epoch_39, batch_750] loss: 0.009
[epoch_39, batch_800] loss: 0.012
[epoch_39, batch_850] loss: 0.007
[epoch_39, batch_900] loss: 0.007
[epoch_39, batch_950] loss: 0.009
[epoch_39, batch_1000] loss: 0.012
[epoch_39, batch_1050] loss: 0.009
[epoch_39, batch_1100] loss: 0.008
[epoch_39, batch_1150] loss: 0.008
[epoch_39, batch_1200] loss: 0.015
[epoch_39, batch_1250] loss: 0.010
[epoch_39, batch_1300] loss: 0.010
[epoch_39, batch_1350] loss: 0.010
[epoch_40, batch_50] loss: 0.034
[epoch_40, batch_100] loss: 0.010
[epoch_40, batch_150] loss: 0.011
[epoch_40, batch_200] loss: 0.008
[epoch_40, batch_250] loss: 0.015
[epoch_40, batch_300] loss: 0.011
[epoch_40, batch_350] loss: 0.007
[epoch_40, batch_400] loss: 0.008
[epoch_40, batch_450] loss: 0.010
[epoch_40, batch_500] loss: 0.006
[epoch_40, batch_550] loss: 0.007
[epoch_40, batch_600] loss: 0.004
[epoch_40, batch_650] loss: 0.006
[epoch_40, batch_700] loss: 0.011
[epoch_40, batch_750] loss: 0.011
[epoch_40, batch_800] loss: 0.006
[epoch_40, batch_850] loss: 0.021
[epoch_40, batch_900] loss: 0.015
[epoch_40, batch_950] loss: 0.010
[epoch_40, batch_1000] loss: 0.013
[epoch_40, batch_1050] loss: 0.011
[epoch_40, batch_1100] loss: 0.008
[epoch_40, batch_1150] loss: 0.021
[epoch_40, batch_1200] loss: 0.012
[epoch_40, batch_1250] loss: 0.009
[epoch_40, batch_1300] loss: 0.007
[epoch_40, batch_1350] loss: 0.019
[epoch_41, batch_50] loss: 0.062
[epoch_41, batch_100] loss: 0.013
[epoch_41, batch_150] loss: 0.006
[epoch_41, batch_200] loss: 0.016
[epoch_41, batch_250] loss: 0.010
[epoch_41, batch_300] loss: 0.005
[epoch_41, batch_350] loss: 0.009
[epoch_41, batch_400] loss: 0.010
[epoch_41, batch_450] loss: 0.007
[epoch_41, batch_500] loss: 0.006
[epoch_41, batch_550] loss: 0.008
[epoch_41, batch_600] loss: 0.005
[epoch_41, batch_650] loss: 0.009
[epoch_41, batch_700] loss: 0.009
[epoch_41, batch_750] loss: 0.014
[epoch_41, batch_800] loss: 0.008
[epoch_41, batch_850] loss: 0.013
[epoch_41, batch_900] loss: 0.010
[epoch_41, batch_950] loss: 0.011
[epoch_41, batch_1000] loss: 0.007
[epoch_41, batch_1050] loss: 0.014
[epoch_41, batch_1100] loss: 0.008
[epoch_41, batch_1150] loss: 0.008
[epoch_41, batch_1200] loss: 0.008
[epoch_41, batch_1250] loss: 0.008
[epoch_41, batch_1300] loss: 0.010
[epoch_41, batch_1350] loss: 0.008
[epoch_42, batch_50] loss: 0.016
[epoch_42, batch_100] loss: 0.008
[epoch_42, batch_150] loss: 0.004
[epoch_42, batch_200] loss: 0.007
[epoch_42, batch_250] loss: 0.004
[epoch_42, batch_300] loss: 0.009
[epoch_42, batch_350] loss: 0.010
[epoch_42, batch_400] loss: 0.007
[epoch_42, batch_450] loss: 0.010
[epoch_42, batch_500] loss: 0.010
[epoch_42, batch_550] loss: 0.007
[epoch_42, batch_600] loss: 0.009
[epoch_42, batch_650] loss: 0.006
[epoch_42, batch_700] loss: 0.005
[epoch_42, batch_750] loss: 0.010
[epoch_42, batch_800] loss: 0.004
[epoch_42, batch_850] loss: 0.007
[epoch_42, batch_900] loss: 0.014
[epoch_42, batch_950] loss: 0.006
[epoch_42, batch_1000] loss: 0.005
[epoch_42, batch_1050] loss: 0.012
[epoch_42, batch_1100] loss: 0.008
[epoch_42, batch_1150] loss: 0.006
[epoch_42, batch_1200] loss: 0.008
[epoch_42, batch_1250] loss: 0.010
[epoch_42, batch_1300] loss: 0.007
[epoch_42, batch_1350] loss: 0.008
[epoch_43, batch_50] loss: 0.016
[epoch_43, batch_100] loss: 0.004
[epoch_43, batch_150] loss: 0.003
[epoch_43, batch_200] loss: 0.009
[epoch_43, batch_250] loss: 0.008
[epoch_43, batch_300] loss: 0.004
[epoch_43, batch_350] loss: 0.004
[epoch_43, batch_400] loss: 0.008
[epoch_43, batch_450] loss: 0.008
[epoch_43, batch_500] loss: 0.005
[epoch_43, batch_550] loss: 0.010
[epoch_43, batch_600] loss: 0.013
[epoch_43, batch_650] loss: 0.006
[epoch_43, batch_700] loss: 0.009
[epoch_43, batch_750] loss: 0.006
[epoch_43, batch_800] loss: 0.007
[epoch_43, batch_850] loss: 0.011
[epoch_43, batch_900] loss: 0.006
[epoch_43, batch_950] loss: 0.006
[epoch_43, batch_1000] loss: 0.004
[epoch_43, batch_1050] loss: 0.007
[epoch_43, batch_1100] loss: 0.006
[epoch_43, batch_1150] loss: 0.008
[epoch_43, batch_1200] loss: 0.006
[epoch_43, batch_1250] loss: 0.002
[epoch_43, batch_1300] loss: 0.003
[epoch_43, batch_1350] loss: 0.007
[epoch_44, batch_50] loss: 0.014
[epoch_44, batch_100] loss: 0.005
[epoch_44, batch_150] loss: 0.004
[epoch_44, batch_200] loss: 0.007
[epoch_44, batch_250] loss: 0.006
[epoch_44, batch_300] loss: 0.005
[epoch_44, batch_350] loss: 0.007
[epoch_44, batch_400] loss: 0.007
[epoch_44, batch_450] loss: 0.004
[epoch_44, batch_500] loss: 0.005
[epoch_44, batch_550] loss: 0.010
[epoch_44, batch_600] loss: 0.008
[epoch_44, batch_650] loss: 0.005
[epoch_44, batch_700] loss: 0.005
[epoch_44, batch_750] loss: 0.009
[epoch_44, batch_800] loss: 0.004
[epoch_44, batch_850] loss: 0.008
[epoch_44, batch_900] loss: 0.003
[epoch_44, batch_950] loss: 0.006
[epoch_44, batch_1000] loss: 0.006
[epoch_44, batch_1050] loss: 0.006
[epoch_44, batch_1100] loss: 0.013
[epoch_44, batch_1150] loss: 0.007
[epoch_44, batch_1200] loss: 0.008
[epoch_44, batch_1250] loss: 0.005
[epoch_44, batch_1300] loss: 0.003
[epoch_44, batch_1350] loss: 0.007
[epoch_45, batch_50] loss: 0.010
[epoch_45, batch_100] loss: 0.007
[epoch_45, batch_150] loss: 0.001
[epoch_45, batch_200] loss: 0.007
[epoch_45, batch_250] loss: 0.012
[epoch_45, batch_300] loss: 0.008
[epoch_45, batch_350] loss: 0.015
[epoch_45, batch_400] loss: 0.007
[epoch_45, batch_450] loss: 0.005
[epoch_45, batch_500] loss: 0.007
[epoch_45, batch_550] loss: 0.007
[epoch_45, batch_600] loss: 0.007
[epoch_45, batch_650] loss: 0.005
[epoch_45, batch_700] loss: 0.010
[epoch_45, batch_750] loss: 0.008
[epoch_45, batch_800] loss: 0.025
[epoch_45, batch_850] loss: 0.014
[epoch_45, batch_900] loss: 0.010
[epoch_45, batch_950] loss: 0.010
[epoch_45, batch_1000] loss: 0.009
[epoch_45, batch_1050] loss: 0.006
[epoch_45, batch_1100] loss: 0.008
[epoch_45, batch_1150] loss: 0.008
[epoch_45, batch_1200] loss: 0.009
[epoch_45, batch_1250] loss: 0.009
[epoch_45, batch_1300] loss: 0.010
[epoch_45, batch_1350] loss: 0.007
[epoch_46, batch_50] loss: 0.013
[epoch_46, batch_100] loss: 0.004
[epoch_46, batch_150] loss: 0.005
[epoch_46, batch_200] loss: 0.007
[epoch_46, batch_250] loss: 0.006
[epoch_46, batch_300] loss: 0.007
[epoch_46, batch_350] loss: 0.002
[epoch_46, batch_400] loss: 0.004
[epoch_46, batch_450] loss: 0.005
[epoch_46, batch_500] loss: 0.005
[epoch_46, batch_550] loss: 0.013
[epoch_46, batch_600] loss: 0.012
[epoch_46, batch_650] loss: 0.012
[epoch_46, batch_700] loss: 0.007
[epoch_46, batch_750] loss: 0.007
[epoch_46, batch_800] loss: 0.009
[epoch_46, batch_850] loss: 0.009
[epoch_46, batch_900] loss: 0.007
[epoch_46, batch_950] loss: 0.007
[epoch_46, batch_1000] loss: 0.015
[epoch_46, batch_1050] loss: 0.006
[epoch_46, batch_1100] loss: 0.019
[epoch_46, batch_1150] loss: 0.014
[epoch_46, batch_1200] loss: 0.009
[epoch_46, batch_1250] loss: 0.012
[epoch_46, batch_1300] loss: 0.006
[epoch_46, batch_1350] loss: 0.006
[epoch_47, batch_50] loss: 0.009
[epoch_47, batch_100] loss: 0.006
[epoch_47, batch_150] loss: 0.005
[epoch_47, batch_200] loss: 0.006
[epoch_47, batch_250] loss: 0.005
[epoch_47, batch_300] loss: 0.009
[epoch_47, batch_350] loss: 0.008
[epoch_47, batch_400] loss: 0.003
[epoch_47, batch_450] loss: 0.007
[epoch_47, batch_500] loss: 0.005
[epoch_47, batch_550] loss: 0.006
[epoch_47, batch_600] loss: 0.008
[epoch_47, batch_650] loss: 0.006
[epoch_47, batch_700] loss: 0.004
[epoch_47, batch_750] loss: 0.002
[epoch_47, batch_800] loss: 0.001
[epoch_47, batch_850] loss: 0.007
[epoch_47, batch_900] loss: 0.003
[epoch_47, batch_950] loss: 0.003
[epoch_47, batch_1000] loss: 0.013
[epoch_47, batch_1050] loss: 0.015
[epoch_47, batch_1100] loss: 0.009
[epoch_47, batch_1150] loss: 0.005
[epoch_47, batch_1200] loss: 0.014
[epoch_47, batch_1250] loss: 0.011
[epoch_47, batch_1300] loss: 0.010
[epoch_47, batch_1350] loss: 0.008
[epoch_48, batch_50] loss: 0.008
[epoch_48, batch_100] loss: 0.007
[epoch_48, batch_150] loss: 0.007
[epoch_48, batch_200] loss: 0.010
[epoch_48, batch_250] loss: 0.009
[epoch_48, batch_300] loss: 0.006
[epoch_48, batch_350] loss: 0.007
[epoch_48, batch_400] loss: 0.005
[epoch_48, batch_450] loss: 0.005
[epoch_48, batch_500] loss: 0.008
[epoch_48, batch_550] loss: 0.006
[epoch_48, batch_600] loss: 0.005
[epoch_48, batch_650] loss: 0.007
[epoch_48, batch_700] loss: 0.004
[epoch_48, batch_750] loss: 0.004
[epoch_48, batch_800] loss: 0.006
[epoch_48, batch_850] loss: 0.008
[epoch_48, batch_900] loss: 0.006
[epoch_48, batch_950] loss: 0.008
[epoch_48, batch_1000] loss: 0.006
[epoch_48, batch_1050] loss: 0.006
[epoch_48, batch_1100] loss: 0.015
[epoch_48, batch_1150] loss: 0.008
[epoch_48, batch_1200] loss: 0.009
[epoch_48, batch_1250] loss: 0.006
[epoch_48, batch_1300] loss: 0.008
[epoch_48, batch_1350] loss: 0.005
[epoch_49, batch_50] loss: 0.008
[epoch_49, batch_100] loss: 0.002
[epoch_49, batch_150] loss: 0.003
[epoch_49, batch_200] loss: 0.006
[epoch_49, batch_250] loss: 0.004
[epoch_49, batch_300] loss: 0.005
[epoch_49, batch_350] loss: 0.005
[epoch_49, batch_400] loss: 0.005
[epoch_49, batch_450] loss: 0.007
[epoch_49, batch_500] loss: 0.006
[epoch_49, batch_550] loss: 0.004
[epoch_49, batch_600] loss: 0.004
[epoch_49, batch_650] loss: 0.004
[epoch_49, batch_700] loss: 0.005
[epoch_49, batch_750] loss: 0.007
[epoch_49, batch_800] loss: 0.005
[epoch_49, batch_850] loss: 0.006
[epoch_49, batch_900] loss: 0.007
[epoch_49, batch_950] loss: 0.004
[epoch_49, batch_1000] loss: 0.005
[epoch_49, batch_1050] loss: 0.006
[epoch_49, batch_1100] loss: 0.006
[epoch_49, batch_1150] loss: 0.007
[epoch_49, batch_1200] loss: 0.004
[epoch_49, batch_1250] loss: 0.004
[epoch_49, batch_1300] loss: 0.003
[epoch_49, batch_1350] loss: 0.002
[epoch_50, batch_50] loss: 0.006
[epoch_50, batch_100] loss: 0.003
[epoch_50, batch_150] loss: 0.009
[epoch_50, batch_200] loss: 0.006
[epoch_50, batch_250] loss: 0.011
[epoch_50, batch_300] loss: 0.005
[epoch_50, batch_350] loss: 0.005
[epoch_50, batch_400] loss: 0.005
[epoch_50, batch_450] loss: 0.008
[epoch_50, batch_500] loss: 0.005
[epoch_50, batch_550] loss: 0.005
[epoch_50, batch_600] loss: 0.003
[epoch_50, batch_650] loss: 0.005
[epoch_50, batch_700] loss: 0.005
[epoch_50, batch_750] loss: 0.007
[epoch_50, batch_800] loss: 0.005
[epoch_50, batch_850] loss: 0.012
[epoch_50, batch_900] loss: 0.027
[epoch_50, batch_950] loss: 0.008
[epoch_50, batch_1000] loss: 0.004
[epoch_50, batch_1050] loss: 0.007
[epoch_50, batch_1100] loss: 0.008
[epoch_50, batch_1150] loss: 0.006
[epoch_50, batch_1200] loss: 0.005
[epoch_50, batch_1250] loss: 0.005
[epoch_50, batch_1300] loss: 0.005
[epoch_50, batch_1350] loss: 0.008
[epoch_51, batch_50] loss: 0.022
[epoch_51, batch_100] loss: 0.003
[epoch_51, batch_150] loss: 0.005
[epoch_51, batch_200] loss: 0.007
[epoch_51, batch_250] loss: 0.004
[epoch_51, batch_300] loss: 0.007
[epoch_51, batch_350] loss: 0.005
[epoch_51, batch_400] loss: 0.003
[epoch_51, batch_450] loss: 0.003
[epoch_51, batch_500] loss: 0.004
[epoch_51, batch_550] loss: 0.005
[epoch_51, batch_600] loss: 0.011
[epoch_51, batch_650] loss: 0.010
[epoch_51, batch_700] loss: 0.004
[epoch_51, batch_750] loss: 0.003
[epoch_51, batch_800] loss: 0.004
[epoch_51, batch_850] loss: 0.014
[epoch_51, batch_900] loss: 0.007
[epoch_51, batch_950] loss: 0.010
[epoch_51, batch_1000] loss: 0.004
[epoch_51, batch_1050] loss: 0.005
[epoch_51, batch_1100] loss: 0.006
[epoch_51, batch_1150] loss: 0.006
[epoch_51, batch_1200] loss: 0.004
[epoch_51, batch_1250] loss: 0.005
[epoch_51, batch_1300] loss: 0.008
[epoch_51, batch_1350] loss: 0.009
[epoch_52, batch_50] loss: 0.013
[epoch_52, batch_100] loss: 0.005
[epoch_52, batch_150] loss: 0.002
[epoch_52, batch_200] loss: 0.005
[epoch_52, batch_250] loss: 0.006
[epoch_52, batch_300] loss: 0.008
[epoch_52, batch_350] loss: 0.005
[epoch_52, batch_400] loss: 0.004
[epoch_52, batch_450] loss: 0.007
[epoch_52, batch_500] loss: 0.010
[epoch_52, batch_550] loss: 0.003
[epoch_52, batch_600] loss: 0.003
[epoch_52, batch_650] loss: 0.013
[epoch_52, batch_700] loss: 0.007
[epoch_52, batch_750] loss: 0.005
[epoch_52, batch_800] loss: 0.007
[epoch_52, batch_850] loss: 0.005
[epoch_52, batch_900] loss: 0.005
[epoch_52, batch_950] loss: 0.010
[epoch_52, batch_1000] loss: 0.013
[epoch_52, batch_1050] loss: 0.005
[epoch_52, batch_1100] loss: 0.009
[epoch_52, batch_1150] loss: 0.007
[epoch_52, batch_1200] loss: 0.006
[epoch_52, batch_1250] loss: 0.005
[epoch_52, batch_1300] loss: 0.003
[epoch_52, batch_1350] loss: 0.002
[epoch_53, batch_50] loss: 0.008
[epoch_53, batch_100] loss: 0.001
[epoch_53, batch_150] loss: 0.003
[epoch_53, batch_200] loss: 0.004
[epoch_53, batch_250] loss: 0.005
[epoch_53, batch_300] loss: 0.005
[epoch_53, batch_350] loss: 0.002
[epoch_53, batch_400] loss: 0.007
[epoch_53, batch_450] loss: 0.012
[epoch_53, batch_500] loss: 0.009
[epoch_53, batch_550] loss: 0.005
[epoch_53, batch_600] loss: 0.002
[epoch_53, batch_650] loss: 0.004
[epoch_53, batch_700] loss: 0.004
[epoch_53, batch_750] loss: 0.006
[epoch_53, batch_800] loss: 0.005
[epoch_53, batch_850] loss: 0.008
[epoch_53, batch_900] loss: 0.003
[epoch_53, batch_950] loss: 0.003
[epoch_53, batch_1000] loss: 0.004
[epoch_53, batch_1050] loss: 0.005
[epoch_53, batch_1100] loss: 0.005
[epoch_53, batch_1150] loss: 0.003
[epoch_53, batch_1200] loss: 0.005
[epoch_53, batch_1250] loss: 0.005
[epoch_53, batch_1300] loss: 0.003
[epoch_53, batch_1350] loss: 0.002
[epoch_54, batch_50] loss: 0.005
[epoch_54, batch_100] loss: 0.003
[epoch_54, batch_150] loss: 0.005
[epoch_54, batch_200] loss: 0.004
[epoch_54, batch_250] loss: 0.003
[epoch_54, batch_300] loss: 0.004
[epoch_54, batch_350] loss: 0.007
[epoch_54, batch_400] loss: 0.007
[epoch_54, batch_450] loss: 0.006
[epoch_54, batch_500] loss: 0.008
[epoch_54, batch_550] loss: 0.008
[epoch_54, batch_600] loss: 0.005
[epoch_54, batch_650] loss: 0.003
[epoch_54, batch_700] loss: 0.006
[epoch_54, batch_750] loss: 0.005
[epoch_54, batch_800] loss: 0.006
[epoch_54, batch_850] loss: 0.006
[epoch_54, batch_900] loss: 0.005
[epoch_54, batch_950] loss: 0.002
[epoch_54, batch_1000] loss: 0.015
[epoch_54, batch_1050] loss: 0.006
[epoch_54, batch_1100] loss: 0.007
[epoch_54, batch_1150] loss: 0.004
[epoch_54, batch_1200] loss: 0.004
[epoch_54, batch_1250] loss: 0.005
[epoch_54, batch_1300] loss: 0.006
[epoch_54, batch_1350] loss: 0.008
[epoch_55, batch_50] loss: 0.011
[epoch_55, batch_100] loss: 0.002
[epoch_55, batch_150] loss: 0.004
[epoch_55, batch_200] loss: 0.003
[epoch_55, batch_250] loss: 0.003
[epoch_55, batch_300] loss: 0.004
[epoch_55, batch_350] loss: 0.005
[epoch_55, batch_400] loss: 0.003
[epoch_55, batch_450] loss: 0.002
[epoch_55, batch_500] loss: 0.003
[epoch_55, batch_550] loss: 0.002
[epoch_55, batch_600] loss: 0.006
[epoch_55, batch_650] loss: 0.002
[epoch_55, batch_700] loss: 0.004
[epoch_55, batch_750] loss: 0.002
[epoch_55, batch_800] loss: 0.003
[epoch_55, batch_850] loss: 0.003
[epoch_55, batch_900] loss: 0.006
[epoch_55, batch_950] loss: 0.006
[epoch_55, batch_1000] loss: 0.004
[epoch_55, batch_1050] loss: 0.003
[epoch_55, batch_1100] loss: 0.002
[epoch_55, batch_1150] loss: 0.004
[epoch_55, batch_1200] loss: 0.005
[epoch_55, batch_1250] loss: 0.008
[epoch_55, batch_1300] loss: 0.025
[epoch_55, batch_1350] loss: 0.011
[epoch_56, batch_50] loss: 0.018
[epoch_56, batch_100] loss: 0.005
[epoch_56, batch_150] loss: 0.008
[epoch_56, batch_200] loss: 0.006
[epoch_56, batch_250] loss: 0.007
[epoch_56, batch_300] loss: 0.006
[epoch_56, batch_350] loss: 0.005
[epoch_56, batch_400] loss: 0.003
[epoch_56, batch_450] loss: 0.004
[epoch_56, batch_500] loss: 0.003
[epoch_56, batch_550] loss: 0.004
[epoch_56, batch_600] loss: 0.008
[epoch_56, batch_650] loss: 0.004
[epoch_56, batch_700] loss: 0.005
[epoch_56, batch_750] loss: 0.006
[epoch_56, batch_800] loss: 0.005
[epoch_56, batch_850] loss: 0.007
[epoch_56, batch_900] loss: 0.005
[epoch_56, batch_950] loss: 0.002
[epoch_56, batch_1000] loss: 0.009
[epoch_56, batch_1050] loss: 0.008
[epoch_56, batch_1100] loss: 0.003
[epoch_56, batch_1150] loss: 0.003
[epoch_56, batch_1200] loss: 0.004
[epoch_56, batch_1250] loss: 0.005
[epoch_56, batch_1300] loss: 0.006
[epoch_56, batch_1350] loss: 0.004
[epoch_57, batch_50] loss: 0.008
[epoch_57, batch_100] loss: 0.007
[epoch_57, batch_150] loss: 0.008
[epoch_57, batch_200] loss: 0.006
[epoch_57, batch_250] loss: 0.001
[epoch_57, batch_300] loss: 0.007
[epoch_57, batch_350] loss: 0.004
[epoch_57, batch_400] loss: 0.002
[epoch_57, batch_450] loss: 0.005
[epoch_57, batch_500] loss: 0.001
[epoch_57, batch_550] loss: 0.003
[epoch_57, batch_600] loss: 0.003
[epoch_57, batch_650] loss: 0.008
[epoch_57, batch_700] loss: 0.003
[epoch_57, batch_750] loss: 0.005
[epoch_57, batch_800] loss: 0.008
[epoch_57, batch_850] loss: 0.004
[epoch_57, batch_900] loss: 0.002
[epoch_57, batch_950] loss: 0.004
[epoch_57, batch_1000] loss: 0.007
[epoch_57, batch_1050] loss: 0.006
[epoch_57, batch_1100] loss: 0.005
[epoch_57, batch_1150] loss: 0.001
[epoch_57, batch_1200] loss: 0.005
[epoch_57, batch_1250] loss: 0.004
[epoch_57, batch_1300] loss: 0.002
[epoch_57, batch_1350] loss: 0.007
[epoch_58, batch_50] loss: 0.010
[epoch_58, batch_100] loss: 0.006
[epoch_58, batch_150] loss: 0.005
[epoch_58, batch_200] loss: 0.002
[epoch_58, batch_250] loss: 0.002
[epoch_58, batch_300] loss: 0.004
[epoch_58, batch_350] loss: 0.002
[epoch_58, batch_400] loss: 0.005
[epoch_58, batch_450] loss: 0.004
[epoch_58, batch_500] loss: 0.004
[epoch_58, batch_550] loss: 0.003
[epoch_58, batch_600] loss: 0.004
[epoch_58, batch_650] loss: 0.006
[epoch_58, batch_700] loss: 0.001
[epoch_58, batch_750] loss: 0.003
[epoch_58, batch_800] loss: 0.009
[epoch_58, batch_850] loss: 0.008
[epoch_58, batch_900] loss: 0.005
[epoch_58, batch_950] loss: 0.003
[epoch_58, batch_1000] loss: 0.003
[epoch_58, batch_1050] loss: 0.003
[epoch_58, batch_1100] loss: 0.004
[epoch_58, batch_1150] loss: 0.003
[epoch_58, batch_1200] loss: 0.001
[epoch_58, batch_1250] loss: 0.003
[epoch_58, batch_1300] loss: 0.006
[epoch_58, batch_1350] loss: 0.002
[epoch_59, batch_50] loss: 0.003
[epoch_59, batch_100] loss: 0.002
[epoch_59, batch_150] loss: 0.001
[epoch_59, batch_200] loss: 0.001
[epoch_59, batch_250] loss: 0.001
[epoch_59, batch_300] loss: 0.004
[epoch_59, batch_350] loss: 0.002
[epoch_59, batch_400] loss: 0.005
[epoch_59, batch_450] loss: 0.003
[epoch_59, batch_500] loss: 0.002
[epoch_59, batch_550] loss: 0.001
[epoch_59, batch_600] loss: 0.003
[epoch_59, batch_650] loss: 0.002
[epoch_59, batch_700] loss: 0.002
[epoch_59, batch_750] loss: 0.004
[epoch_59, batch_800] loss: 0.003
[epoch_59, batch_850] loss: 0.002
[epoch_59, batch_900] loss: 0.001
[epoch_59, batch_950] loss: 0.004
[epoch_59, batch_1000] loss: 0.002
[epoch_59, batch_1050] loss: 0.008
[epoch_59, batch_1100] loss: 0.007
[epoch_59, batch_1150] loss: 0.008
[epoch_59, batch_1200] loss: 0.002
[epoch_59, batch_1250] loss: 0.002
[epoch_59, batch_1300] loss: 0.004
[epoch_59, batch_1350] loss: 0.004
[epoch_60, batch_50] loss: 0.007
[epoch_60, batch_100] loss: 0.003
[epoch_60, batch_150] loss: 0.001
[epoch_60, batch_200] loss: 0.001
[epoch_60, batch_250] loss: 0.002
[epoch_60, batch_300] loss: 0.002
[epoch_60, batch_350] loss: 0.003
[epoch_60, batch_400] loss: 0.002
[epoch_60, batch_450] loss: 0.003
[epoch_60, batch_500] loss: 0.002
[epoch_60, batch_550] loss: 0.005
[epoch_60, batch_600] loss: 0.001
[epoch_60, batch_650] loss: 0.005
[epoch_60, batch_700] loss: 0.002
[epoch_60, batch_750] loss: 0.005
[epoch_60, batch_800] loss: 0.002
[epoch_60, batch_850] loss: 0.003
[epoch_60, batch_900] loss: 0.002
[epoch_60, batch_950] loss: 0.006
[epoch_60, batch_1000] loss: 0.001
[epoch_60, batch_1050] loss: 0.003
[epoch_60, batch_1100] loss: 0.002
[epoch_60, batch_1150] loss: 0.003
[epoch_60, batch_1200] loss: 0.002
[epoch_60, batch_1250] loss: 0.002
[epoch_60, batch_1300] loss: 0.004
[epoch_60, batch_1350] loss: 0.009
[epoch_61, batch_50] loss: 0.006
[epoch_61, batch_100] loss: 0.003
[epoch_61, batch_150] loss: 0.002
[epoch_61, batch_200] loss: 0.001
[epoch_61, batch_250] loss: 0.005
[epoch_61, batch_300] loss: 0.010
[epoch_61, batch_350] loss: 0.006
[epoch_61, batch_400] loss: 0.007
[epoch_61, batch_450] loss: 0.006
[epoch_61, batch_500] loss: 0.007
[epoch_61, batch_550] loss: 0.003
[epoch_61, batch_600] loss: 0.003
[epoch_61, batch_650] loss: 0.002
[epoch_61, batch_700] loss: 0.003
[epoch_61, batch_750] loss: 0.004
[epoch_61, batch_800] loss: 0.004
[epoch_61, batch_850] loss: 0.002
[epoch_61, batch_900] loss: 0.003
[epoch_61, batch_950] loss: 0.001
[epoch_61, batch_1000] loss: 0.002
[epoch_61, batch_1050] loss: 0.007
[epoch_61, batch_1100] loss: 0.002
[epoch_61, batch_1150] loss: 0.009
[epoch_61, batch_1200] loss: 0.004
[epoch_61, batch_1250] loss: 0.002
[epoch_61, batch_1300] loss: 0.013
[epoch_61, batch_1350] loss: 0.008
[epoch_62, batch_50] loss: 0.010
[epoch_62, batch_100] loss: 0.002
[epoch_62, batch_150] loss: 0.003
[epoch_62, batch_200] loss: 0.003
[epoch_62, batch_250] loss: 0.001
[epoch_62, batch_300] loss: 0.003
[epoch_62, batch_350] loss: 0.005
[epoch_62, batch_400] loss: 0.003
[epoch_62, batch_450] loss: 0.002
[epoch_62, batch_500] loss: 0.002
[epoch_62, batch_550] loss: 0.011
[epoch_62, batch_600] loss: 0.006
[epoch_62, batch_650] loss: 0.004
[epoch_62, batch_700] loss: 0.005
[epoch_62, batch_750] loss: 0.005
[epoch_62, batch_800] loss: 0.011
[epoch_62, batch_850] loss: 0.023
[epoch_62, batch_900] loss: 0.007
[epoch_62, batch_950] loss: 0.004
[epoch_62, batch_1000] loss: 0.004
[epoch_62, batch_1050] loss: 0.005
[epoch_62, batch_1100] loss: 0.007
[epoch_62, batch_1150] loss: 0.012
[epoch_62, batch_1200] loss: 0.012
[epoch_62, batch_1250] loss: 0.008
[epoch_62, batch_1300] loss: 0.003
[epoch_62, batch_1350] loss: 0.006
[epoch_63, batch_50] loss: 0.010
[epoch_63, batch_100] loss: 0.003
[epoch_63, batch_150] loss: 0.003
[epoch_63, batch_200] loss: 0.003
[epoch_63, batch_250] loss: 0.001
[epoch_63, batch_300] loss: 0.003
[epoch_63, batch_350] loss: 0.002
[epoch_63, batch_400] loss: 0.002
[epoch_63, batch_450] loss: 0.002
[epoch_63, batch_500] loss: 0.002
[epoch_63, batch_550] loss: 0.003
[epoch_63, batch_600] loss: 0.005
[epoch_63, batch_650] loss: 0.003
[epoch_63, batch_700] loss: 0.001
[epoch_63, batch_750] loss: 0.001
[epoch_63, batch_800] loss: 0.004
[epoch_63, batch_850] loss: 0.002
[epoch_63, batch_900] loss: 0.004
[epoch_63, batch_950] loss: 0.004
[epoch_63, batch_1000] loss: 0.002
[epoch_63, batch_1050] loss: 0.002
[epoch_63, batch_1100] loss: 0.004
[epoch_63, batch_1150] loss: 0.004
[epoch_63, batch_1200] loss: 0.003
[epoch_63, batch_1250] loss: 0.002
[epoch_63, batch_1300] loss: 0.002
[epoch_63, batch_1350] loss: 0.003
[epoch_64, batch_50] loss: 0.007
[epoch_64, batch_100] loss: 0.002
[epoch_64, batch_150] loss: 0.001
[epoch_64, batch_200] loss: 0.002
[epoch_64, batch_250] loss: 0.001
[epoch_64, batch_300] loss: 0.001
[epoch_64, batch_350] loss: 0.001
[epoch_64, batch_400] loss: 0.001
[epoch_64, batch_450] loss: 0.001
[epoch_64, batch_500] loss: 0.001
[epoch_64, batch_550] loss: 0.002
[epoch_64, batch_600] loss: 0.002
[epoch_64, batch_650] loss: 0.003
[epoch_64, batch_700] loss: 0.005
[epoch_64, batch_750] loss: 0.004
[epoch_64, batch_800] loss: 0.002
[epoch_64, batch_850] loss: 0.004
[epoch_64, batch_900] loss: 0.003
[epoch_64, batch_950] loss: 0.003
[epoch_64, batch_1000] loss: 0.005
[epoch_64, batch_1050] loss: 0.001
[epoch_64, batch_1100] loss: 0.001
[epoch_64, batch_1150] loss: 0.003
[epoch_64, batch_1200] loss: 0.008
[epoch_64, batch_1250] loss: 0.003
[epoch_64, batch_1300] loss: 0.002
[epoch_64, batch_1350] loss: 0.006
[epoch_65, batch_50] loss: 0.008
[epoch_65, batch_100] loss: 0.003
[epoch_65, batch_150] loss: 0.004
[epoch_65, batch_200] loss: 0.002
[epoch_65, batch_250] loss: 0.004
[epoch_65, batch_300] loss: 0.002
[epoch_65, batch_350] loss: 0.001
[epoch_65, batch_400] loss: 0.006
[epoch_65, batch_450] loss: 0.002
[epoch_65, batch_500] loss: 0.002
[epoch_65, batch_550] loss: 0.002
[epoch_65, batch_600] loss: 0.002
[epoch_65, batch_650] loss: 0.003
[epoch_65, batch_700] loss: 0.002
[epoch_65, batch_750] loss: 0.009
[epoch_65, batch_800] loss: 0.007
[epoch_65, batch_850] loss: 0.006
[epoch_65, batch_900] loss: 0.003
[epoch_65, batch_950] loss: 0.005
[epoch_65, batch_1000] loss: 0.004
[epoch_65, batch_1050] loss: 0.002
[epoch_65, batch_1100] loss: 0.002
[epoch_65, batch_1150] loss: 0.003
[epoch_65, batch_1200] loss: 0.016
[epoch_65, batch_1250] loss: 0.015
[epoch_65, batch_1300] loss: 0.008
[epoch_65, batch_1350] loss: 0.005
[epoch_66, batch_50] loss: 0.010
[epoch_66, batch_100] loss: 0.002
[epoch_66, batch_150] loss: 0.004
[epoch_66, batch_200] loss: 0.006
[epoch_66, batch_250] loss: 0.008
[epoch_66, batch_300] loss: 0.001
[epoch_66, batch_350] loss: 0.003
[epoch_66, batch_400] loss: 0.005
[epoch_66, batch_450] loss: 0.003
[epoch_66, batch_500] loss: 0.005
[epoch_66, batch_550] loss: 0.004
[epoch_66, batch_600] loss: 0.004
[epoch_66, batch_650] loss: 0.001
[epoch_66, batch_700] loss: 0.002
[epoch_66, batch_750] loss: 0.001
[epoch_66, batch_800] loss: 0.002
[epoch_66, batch_850] loss: 0.005
[epoch_66, batch_900] loss: 0.005
[epoch_66, batch_950] loss: 0.004
[epoch_66, batch_1000] loss: 0.003
[epoch_66, batch_1050] loss: 0.012
[epoch_66, batch_1100] loss: 0.006
[epoch_66, batch_1150] loss: 0.002
[epoch_66, batch_1200] loss: 0.003
[epoch_66, batch_1250] loss: 0.004
[epoch_66, batch_1300] loss: 0.006
[epoch_66, batch_1350] loss: 0.005
[epoch_67, batch_50] loss: 0.009
[epoch_67, batch_100] loss: 0.002
[epoch_67, batch_150] loss: 0.012
[epoch_67, batch_200] loss: 0.005
[epoch_67, batch_250] loss: 0.003
[epoch_67, batch_300] loss: 0.002
[epoch_67, batch_350] loss: 0.002
[epoch_67, batch_400] loss: 0.005
[epoch_67, batch_450] loss: 0.002
[epoch_67, batch_500] loss: 0.001
[epoch_67, batch_550] loss: 0.002
[epoch_67, batch_600] loss: 0.004
[epoch_67, batch_650] loss: 0.002
[epoch_67, batch_700] loss: 0.003
[epoch_67, batch_750] loss: 0.002
[epoch_67, batch_800] loss: 0.002
[epoch_67, batch_850] loss: 0.002
[epoch_67, batch_900] loss: 0.009
[epoch_67, batch_950] loss: 0.012
[epoch_67, batch_1000] loss: 0.006
[epoch_67, batch_1050] loss: 0.008
[epoch_67, batch_1100] loss: 0.007
[epoch_67, batch_1150] loss: 0.005
[epoch_67, batch_1200] loss: 0.003
[epoch_67, batch_1250] loss: 0.005
[epoch_67, batch_1300] loss: 0.002
[epoch_67, batch_1350] loss: 0.001
[epoch_68, batch_50] loss: 0.005
[epoch_68, batch_100] loss: 0.002
[epoch_68, batch_150] loss: 0.001
[epoch_68, batch_200] loss: 0.001
[epoch_68, batch_250] loss: 0.001
[epoch_68, batch_300] loss: 0.003
[epoch_68, batch_350] loss: 0.002
[epoch_68, batch_400] loss: 0.002
[epoch_68, batch_450] loss: 0.010
[epoch_68, batch_500] loss: 0.003
[epoch_68, batch_550] loss: 0.002
[epoch_68, batch_600] loss: 0.001
[epoch_68, batch_650] loss: 0.002
[epoch_68, batch_700] loss: 0.001
[epoch_68, batch_750] loss: 0.001
[epoch_68, batch_800] loss: 0.002
[epoch_68, batch_850] loss: 0.001
[epoch_68, batch_900] loss: 0.002
[epoch_68, batch_950] loss: 0.004
[epoch_68, batch_1000] loss: 0.003
[epoch_68, batch_1050] loss: 0.002
[epoch_68, batch_1100] loss: 0.004
[epoch_68, batch_1150] loss: 0.003
[epoch_68, batch_1200] loss: 0.004
[epoch_68, batch_1250] loss: 0.004
[epoch_68, batch_1300] loss: 0.006
[epoch_68, batch_1350] loss: 0.002
[epoch_69, batch_50] loss: 0.002
[epoch_69, batch_100] loss: 0.006
[epoch_69, batch_150] loss: 0.003
[epoch_69, batch_200] loss: 0.010
[epoch_69, batch_250] loss: 0.009
[epoch_69, batch_300] loss: 0.006
[epoch_69, batch_350] loss: 0.002
[epoch_69, batch_400] loss: 0.004
[epoch_69, batch_450] loss: 0.003
[epoch_69, batch_500] loss: 0.006
[epoch_69, batch_550] loss: 0.007
[epoch_69, batch_600] loss: 0.005
[epoch_69, batch_650] loss: 0.007
[epoch_69, batch_700] loss: 0.007
[epoch_69, batch_750] loss: 0.005
[epoch_69, batch_800] loss: 0.005
[epoch_69, batch_850] loss: 0.011
[epoch_69, batch_900] loss: 0.004
[epoch_69, batch_950] loss: 0.004
[epoch_69, batch_1000] loss: 0.003
[epoch_69, batch_1050] loss: 0.004
[epoch_69, batch_1100] loss: 0.002
[epoch_69, batch_1150] loss: 0.002
[epoch_69, batch_1200] loss: 0.003
[epoch_69, batch_1250] loss: 0.003
[epoch_69, batch_1300] loss: 0.003
[epoch_69, batch_1350] loss: 0.002
[epoch_70, batch_50] loss: 0.010
[epoch_70, batch_100] loss: 0.011
[epoch_70, batch_150] loss: 0.004
[epoch_70, batch_200] loss: 0.003
[epoch_70, batch_250] loss: 0.006
[epoch_70, batch_300] loss: 0.001
[epoch_70, batch_350] loss: 0.001
[epoch_70, batch_400] loss: 0.003
[epoch_70, batch_450] loss: 0.001
[epoch_70, batch_500] loss: 0.002
[epoch_70, batch_550] loss: 0.002
[epoch_70, batch_600] loss: 0.002
[epoch_70, batch_650] loss: 0.002
[epoch_70, batch_700] loss: 0.001
[epoch_70, batch_750] loss: 0.002
[epoch_70, batch_800] loss: 0.001
[epoch_70, batch_850] loss: 0.014
[epoch_70, batch_900] loss: 0.015
[epoch_70, batch_950] loss: 0.012
[epoch_70, batch_1000] loss: 0.014
[epoch_70, batch_1050] loss: 0.006
[epoch_70, batch_1100] loss: 0.006
[epoch_70, batch_1150] loss: 0.003
[epoch_70, batch_1200] loss: 0.004
[epoch_70, batch_1250] loss: 0.005
[epoch_70, batch_1300] loss: 0.003
[epoch_70, batch_1350] loss: 0.004
[epoch_71, batch_50] loss: 0.006
[epoch_71, batch_100] loss: 0.003
[epoch_71, batch_150] loss: 0.002
[epoch_71, batch_200] loss: 0.001
[epoch_71, batch_250] loss: 0.003
[epoch_71, batch_300] loss: 0.002
[epoch_71, batch_350] loss: 0.001
[epoch_71, batch_400] loss: 0.001
[epoch_71, batch_450] loss: 0.002
[epoch_71, batch_500] loss: 0.003
[epoch_71, batch_550] loss: 0.002
[epoch_71, batch_600] loss: 0.002
[epoch_71, batch_650] loss: 0.002
[epoch_71, batch_700] loss: 0.001
[epoch_71, batch_750] loss: 0.002
[epoch_71, batch_800] loss: 0.001
[epoch_71, batch_850] loss: 0.002
[epoch_71, batch_900] loss: 0.001
[epoch_71, batch_950] loss: 0.005
[epoch_71, batch_1000] loss: 0.004
[epoch_71, batch_1050] loss: 0.004
[epoch_71, batch_1100] loss: 0.005
[epoch_71, batch_1150] loss: 0.005
[epoch_71, batch_1200] loss: 0.002
[epoch_71, batch_1250] loss: 0.005
[epoch_71, batch_1300] loss: 0.002
[epoch_71, batch_1350] loss: 0.002
[epoch_72, batch_50] loss: 0.003
[epoch_72, batch_100] loss: 0.001
[epoch_72, batch_150] loss: 0.001
[epoch_72, batch_200] loss: 0.001
[epoch_72, batch_250] loss: 0.001
[epoch_72, batch_300] loss: 0.002
[epoch_72, batch_350] loss: 0.001
[epoch_72, batch_400] loss: 0.000
[epoch_72, batch_450] loss: 0.002
[epoch_72, batch_500] loss: 0.002
[epoch_72, batch_550] loss: 0.003
[epoch_72, batch_600] loss: 0.003
[epoch_72, batch_650] loss: 0.002
[epoch_72, batch_700] loss: 0.003
[epoch_72, batch_750] loss: 0.004
[epoch_72, batch_800] loss: 0.003
[epoch_72, batch_850] loss: 0.002
[epoch_72, batch_900] loss: 0.002
[epoch_72, batch_950] loss: 0.002
[epoch_72, batch_1000] loss: 0.001
[epoch_72, batch_1050] loss: 0.001
[epoch_72, batch_1100] loss: 0.001
[epoch_72, batch_1150] loss: 0.002
[epoch_72, batch_1200] loss: 0.001
[epoch_72, batch_1250] loss: 0.001
[epoch_72, batch_1300] loss: 0.001
[epoch_72, batch_1350] loss: 0.000
[epoch_73, batch_50] loss: 0.003
[epoch_73, batch_100] loss: 0.002
[epoch_73, batch_150] loss: 0.001
[epoch_73, batch_200] loss: 0.008
[epoch_73, batch_250] loss: 0.003
[epoch_73, batch_300] loss: 0.004
[epoch_73, batch_350] loss: 0.003
[epoch_73, batch_400] loss: 0.006
[epoch_73, batch_450] loss: 0.007
[epoch_73, batch_500] loss: 0.011
[epoch_73, batch_550] loss: 0.009
[epoch_73, batch_600] loss: 0.010
[epoch_73, batch_650] loss: 0.012
[epoch_73, batch_700] loss: 0.004
[epoch_73, batch_750] loss: 0.003
[epoch_73, batch_800] loss: 0.005
[epoch_73, batch_850] loss: 0.003
[epoch_73, batch_900] loss: 0.006
[epoch_73, batch_950] loss: 0.005
[epoch_73, batch_1000] loss: 0.007
[epoch_73, batch_1050] loss: 0.002
[epoch_73, batch_1100] loss: 0.004
[epoch_73, batch_1150] loss: 0.002
[epoch_73, batch_1200] loss: 0.002
[epoch_73, batch_1250] loss: 0.001
[epoch_73, batch_1300] loss: 0.002
[epoch_73, batch_1350] loss: 0.004
[epoch_74, batch_50] loss: 0.003
[epoch_74, batch_100] loss: 0.003
[epoch_74, batch_150] loss: 0.001
[epoch_74, batch_200] loss: 0.003
[epoch_74, batch_250] loss: 0.001
[epoch_74, batch_300] loss: 0.001
[epoch_74, batch_350] loss: 0.002
[epoch_74, batch_400] loss: 0.002
[epoch_74, batch_450] loss: 0.004
[epoch_74, batch_500] loss: 0.003
[epoch_74, batch_550] loss: 0.004
[epoch_74, batch_600] loss: 0.004
[epoch_74, batch_650] loss: 0.003
[epoch_74, batch_700] loss: 0.003
[epoch_74, batch_750] loss: 0.004
[epoch_74, batch_800] loss: 0.004
[epoch_74, batch_850] loss: 0.003
[epoch_74, batch_900] loss: 0.002
[epoch_74, batch_950] loss: 0.003
[epoch_74, batch_1000] loss: 0.003
[epoch_74, batch_1050] loss: 0.005
[epoch_74, batch_1100] loss: 0.004
[epoch_74, batch_1150] loss: 0.005
[epoch_74, batch_1200] loss: 0.004
[epoch_74, batch_1250] loss: 0.003
[epoch_74, batch_1300] loss: 0.001
[epoch_74, batch_1350] loss: 0.002
[epoch_75, batch_50] loss: 0.003
[epoch_75, batch_100] loss: 0.002
[epoch_75, batch_150] loss: 0.002
[epoch_75, batch_200] loss: 0.000
[epoch_75, batch_250] loss: 0.002
[epoch_75, batch_300] loss: 0.000
[epoch_75, batch_350] loss: 0.001
[epoch_75, batch_400] loss: 0.002
[epoch_75, batch_450] loss: 0.002
[epoch_75, batch_500] loss: 0.001
[epoch_75, batch_550] loss: 0.000
[epoch_75, batch_600] loss: 0.003
[epoch_75, batch_650] loss: 0.001
[epoch_75, batch_700] loss: 0.001
[epoch_75, batch_750] loss: 0.004
[epoch_75, batch_800] loss: 0.002
[epoch_75, batch_850] loss: 0.001
[epoch_75, batch_900] loss: 0.003
[epoch_75, batch_950] loss: 0.003
[epoch_75, batch_1000] loss: 0.002
[epoch_75, batch_1050] loss: 0.001
[epoch_75, batch_1100] loss: 0.001
[epoch_75, batch_1150] loss: 0.001
[epoch_75, batch_1200] loss: 0.003
[epoch_75, batch_1250] loss: 0.004
[epoch_75, batch_1300] loss: 0.004
[epoch_75, batch_1350] loss: 0.004
[epoch_76, batch_50] loss: 0.006
[epoch_76, batch_100] loss: 0.004
[epoch_76, batch_150] loss: 0.002
[epoch_76, batch_200] loss: 0.002
[epoch_76, batch_250] loss: 0.002
[epoch_76, batch_300] loss: 0.002
[epoch_76, batch_350] loss: 0.001
[epoch_76, batch_400] loss: 0.001
[epoch_76, batch_450] loss: 0.001
[epoch_76, batch_500] loss: 0.002
[epoch_76, batch_550] loss: 0.002
[epoch_76, batch_600] loss: 0.000
[epoch_76, batch_650] loss: 0.001
[epoch_76, batch_700] loss: 0.004
[epoch_76, batch_750] loss: 0.002
[epoch_76, batch_800] loss: 0.002
[epoch_76, batch_850] loss: 0.001
[epoch_76, batch_900] loss: 0.002
[epoch_76, batch_950] loss: 0.002
[epoch_76, batch_1000] loss: 0.002
[epoch_76, batch_1050] loss: 0.001
[epoch_76, batch_1100] loss: 0.001
[epoch_76, batch_1150] loss: 0.001
[epoch_76, batch_1200] loss: 0.003
[epoch_76, batch_1250] loss: 0.005
[epoch_76, batch_1300] loss: 0.018
[epoch_76, batch_1350] loss: 0.004
[epoch_77, batch_50] loss: 0.012
[epoch_77, batch_100] loss: 0.006
[epoch_77, batch_150] loss: 0.006
[epoch_77, batch_200] loss: 0.006
[epoch_77, batch_250] loss: 0.003
[epoch_77, batch_300] loss: 0.003
[epoch_77, batch_350] loss: 0.003
[epoch_77, batch_400] loss: 0.003
[epoch_77, batch_450] loss: 0.002
[epoch_77, batch_500] loss: 0.004
[epoch_77, batch_550] loss: 0.001
[epoch_77, batch_600] loss: 0.002
[epoch_77, batch_650] loss: 0.003
[epoch_77, batch_700] loss: 0.005
[epoch_77, batch_750] loss: 0.004
[epoch_77, batch_800] loss: 0.002
[epoch_77, batch_850] loss: 0.001
[epoch_77, batch_900] loss: 0.007
[epoch_77, batch_950] loss: 0.005
[epoch_77, batch_1000] loss: 0.002
[epoch_77, batch_1050] loss: 0.002
[epoch_77, batch_1100] loss: 0.002
[epoch_77, batch_1150] loss: 0.002
[epoch_77, batch_1200] loss: 0.003
[epoch_77, batch_1250] loss: 0.001
[epoch_77, batch_1300] loss: 0.004
[epoch_77, batch_1350] loss: 0.006
[epoch_78, batch_50] loss: 0.017
[epoch_78, batch_100] loss: 0.004
[epoch_78, batch_150] loss: 0.002
[epoch_78, batch_200] loss: 0.001
[epoch_78, batch_250] loss: 0.000
[epoch_78, batch_300] loss: 0.001
[epoch_78, batch_350] loss: 0.002
[epoch_78, batch_400] loss: 0.001
[epoch_78, batch_450] loss: 0.005
[epoch_78, batch_500] loss: 0.003
[epoch_78, batch_550] loss: 0.001
[epoch_78, batch_600] loss: 0.003
[epoch_78, batch_650] loss: 0.004
[epoch_78, batch_700] loss: 0.003
[epoch_78, batch_750] loss: 0.015
[epoch_78, batch_800] loss: 0.022
[epoch_78, batch_850] loss: 0.009
[epoch_78, batch_900] loss: 0.011
[epoch_78, batch_950] loss: 0.006
[epoch_78, batch_1000] loss: 0.014
[epoch_78, batch_1050] loss: 0.010
[epoch_78, batch_1100] loss: 0.008
[epoch_78, batch_1150] loss: 0.004
[epoch_78, batch_1200] loss: 0.004
[epoch_78, batch_1250] loss: 0.007
[epoch_78, batch_1300] loss: 0.009
[epoch_78, batch_1350] loss: 0.002
[epoch_79, batch_50] loss: 0.011
[epoch_79, batch_100] loss: 0.005
[epoch_79, batch_150] loss: 0.003
[epoch_79, batch_200] loss: 0.006
[epoch_79, batch_250] loss: 0.005
[epoch_79, batch_300] loss: 0.003
[epoch_79, batch_350] loss: 0.006
[epoch_79, batch_400] loss: 0.004
[epoch_79, batch_450] loss: 0.004
[epoch_79, batch_500] loss: 0.004
[epoch_79, batch_550] loss: 0.005
[epoch_79, batch_600] loss: 0.002
[epoch_79, batch_650] loss: 0.004
[epoch_79, batch_700] loss: 0.001
[epoch_79, batch_750] loss: 0.002
[epoch_79, batch_800] loss: 0.003
[epoch_79, batch_850] loss: 0.002
[epoch_79, batch_900] loss: 0.003
[epoch_79, batch_950] loss: 0.001
[epoch_79, batch_1000] loss: 0.001
[epoch_79, batch_1050] loss: 0.004
[epoch_79, batch_1100] loss: 0.004
[epoch_79, batch_1150] loss: 0.004
[epoch_79, batch_1200] loss: 0.003
[epoch_79, batch_1250] loss: 0.005
[epoch_79, batch_1300] loss: 0.002
[epoch_79, batch_1350] loss: 0.002
[epoch_80, batch_50] loss: 0.004
[epoch_80, batch_100] loss: 0.001
[epoch_80, batch_150] loss: 0.002
[epoch_80, batch_200] loss: 0.002
[epoch_80, batch_250] loss: 0.001
[epoch_80, batch_300] loss: 0.001
[epoch_80, batch_350] loss: 0.001
[epoch_80, batch_400] loss: 0.002
[epoch_80, batch_450] loss: 0.001
[epoch_80, batch_500] loss: 0.001
[epoch_80, batch_550] loss: 0.001
[epoch_80, batch_600] loss: 0.001
[epoch_80, batch_650] loss: 0.002
[epoch_80, batch_700] loss: 0.001
[epoch_80, batch_750] loss: 0.001
[epoch_80, batch_800] loss: 0.002
[epoch_80, batch_850] loss: 0.003
[epoch_80, batch_900] loss: 0.003
[epoch_80, batch_950] loss: 0.002
[epoch_80, batch_1000] loss: 0.002
[epoch_80, batch_1050] loss: 0.001
[epoch_80, batch_1100] loss: 0.005
[epoch_80, batch_1150] loss: 0.001
[epoch_80, batch_1200] loss: 0.001
[epoch_80, batch_1250] loss: 0.001
[epoch_80, batch_1300] loss: 0.001
[epoch_80, batch_1350] loss: 0.002
[epoch_81, batch_50] loss: 0.005
[epoch_81, batch_100] loss: 0.001
[epoch_81, batch_150] loss: 0.001
[epoch_81, batch_200] loss: 0.000
[epoch_81, batch_250] loss: 0.001
[epoch_81, batch_300] loss: 0.000
[epoch_81, batch_350] loss: 0.000
[epoch_81, batch_400] loss: 0.001
[epoch_81, batch_450] loss: 0.001
[epoch_81, batch_500] loss: 0.003
[epoch_81, batch_550] loss: 0.005
[epoch_81, batch_600] loss: 0.003
[epoch_81, batch_650] loss: 0.004
[epoch_81, batch_700] loss: 0.002
[epoch_81, batch_750] loss: 0.005
[epoch_81, batch_800] loss: 0.002
[epoch_81, batch_850] loss: 0.001
[epoch_81, batch_900] loss: 0.002
[epoch_81, batch_950] loss: 0.002
[epoch_81, batch_1000] loss: 0.002
[epoch_81, batch_1050] loss: 0.002
[epoch_81, batch_1100] loss: 0.001
[epoch_81, batch_1150] loss: 0.001
[epoch_81, batch_1200] loss: 0.001
[epoch_81, batch_1250] loss: 0.006
[epoch_81, batch_1300] loss: 0.001
[epoch_81, batch_1350] loss: 0.003
[epoch_82, batch_50] loss: 0.006
[epoch_82, batch_100] loss: 0.001
[epoch_82, batch_150] loss: 0.002
[epoch_82, batch_200] loss: 0.002
[epoch_82, batch_250] loss: 0.002
[epoch_82, batch_300] loss: 0.000
[epoch_82, batch_350] loss: 0.001
[epoch_82, batch_400] loss: 0.005
[epoch_82, batch_450] loss: 0.008
[epoch_82, batch_500] loss: 0.002
[epoch_82, batch_550] loss: 0.005
[epoch_82, batch_600] loss: 0.009
[epoch_82, batch_650] loss: 0.003
[epoch_82, batch_700] loss: 0.001
[epoch_82, batch_750] loss: 0.001
[epoch_82, batch_800] loss: 0.001
[epoch_82, batch_850] loss: 0.001
[epoch_82, batch_900] loss: 0.001
[epoch_82, batch_950] loss: 0.003
[epoch_82, batch_1000] loss: 0.002
[epoch_82, batch_1050] loss: 0.000
[epoch_82, batch_1100] loss: 0.006
[epoch_82, batch_1150] loss: 0.002
[epoch_82, batch_1200] loss: 0.003
[epoch_82, batch_1250] loss: 0.001
[epoch_82, batch_1300] loss: 0.001
[epoch_82, batch_1350] loss: 0.002
[epoch_83, batch_50] loss: 0.001
[epoch_83, batch_100] loss: 0.002
[epoch_83, batch_150] loss: 0.001
[epoch_83, batch_200] loss: 0.001
[epoch_83, batch_250] loss: 0.004
[epoch_83, batch_300] loss: 0.001
[epoch_83, batch_350] loss: 0.001
[epoch_83, batch_400] loss: 0.000
[epoch_83, batch_450] loss: 0.002
[epoch_83, batch_500] loss: 0.000
[epoch_83, batch_550] loss: 0.000
[epoch_83, batch_600] loss: 0.002
[epoch_83, batch_650] loss: 0.003
[epoch_83, batch_700] loss: 0.004
[epoch_83, batch_750] loss: 0.003
[epoch_83, batch_800] loss: 0.008
[epoch_83, batch_850] loss: 0.003
[epoch_83, batch_900] loss: 0.005
[epoch_83, batch_950] loss: 0.003
[epoch_83, batch_1000] loss: 0.002
[epoch_83, batch_1050] loss: 0.001
[epoch_83, batch_1100] loss: 0.003
[epoch_83, batch_1150] loss: 0.001
[epoch_83, batch_1200] loss: 0.001
[epoch_83, batch_1250] loss: 0.001
[epoch_83, batch_1300] loss: 0.000
[epoch_83, batch_1350] loss: 0.004
[epoch_84, batch_50] loss: 0.006
[epoch_84, batch_100] loss: 0.002
[epoch_84, batch_150] loss: 0.001
[epoch_84, batch_200] loss: 0.001
[epoch_84, batch_250] loss: 0.001
[epoch_84, batch_300] loss: 0.001
[epoch_84, batch_350] loss: 0.001
[epoch_84, batch_400] loss: 0.002
[epoch_84, batch_450] loss: 0.000
[epoch_84, batch_500] loss: 0.001
[epoch_84, batch_550] loss: 0.001
[epoch_84, batch_600] loss: 0.001
[epoch_84, batch_650] loss: 0.001
[epoch_84, batch_700] loss: 0.001
[epoch_84, batch_750] loss: 0.001
[epoch_84, batch_800] loss: 0.001
[epoch_84, batch_850] loss: 0.002
[epoch_84, batch_900] loss: 0.001
[epoch_84, batch_950] loss: 0.002
[epoch_84, batch_1000] loss: 0.001
[epoch_84, batch_1050] loss: 0.001
[epoch_84, batch_1100] loss: 0.003
[epoch_84, batch_1150] loss: 0.005
[epoch_84, batch_1200] loss: 0.004
[epoch_84, batch_1250] loss: 0.002
[epoch_84, batch_1300] loss: 0.002
[epoch_84, batch_1350] loss: 0.004
[epoch_85, batch_50] loss: 0.003
[epoch_85, batch_100] loss: 0.000
[epoch_85, batch_150] loss: 0.002
[epoch_85, batch_200] loss: 0.000
[epoch_85, batch_250] loss: 0.001
[epoch_85, batch_300] loss: 0.000
[epoch_85, batch_350] loss: 0.000
[epoch_85, batch_400] loss: 0.000
[epoch_85, batch_450] loss: 0.001
[epoch_85, batch_500] loss: 0.002
[epoch_85, batch_550] loss: 0.001
[epoch_85, batch_600] loss: 0.003
[epoch_85, batch_650] loss: 0.001
[epoch_85, batch_700] loss: 0.000
[epoch_85, batch_750] loss: 0.002
[epoch_85, batch_800] loss: 0.001
[epoch_85, batch_850] loss: 0.001
[epoch_85, batch_900] loss: 0.003
[epoch_85, batch_950] loss: 0.002
[epoch_85, batch_1000] loss: 0.002
[epoch_85, batch_1050] loss: 0.001
[epoch_85, batch_1100] loss: 0.001
[epoch_85, batch_1150] loss: 0.004
[epoch_85, batch_1200] loss: 0.001
[epoch_85, batch_1250] loss: 0.001
[epoch_85, batch_1300] loss: 0.002
[epoch_85, batch_1350] loss: 0.003
[epoch_86, batch_50] loss: 0.008
[epoch_86, batch_100] loss: 0.002
[epoch_86, batch_150] loss: 0.002
[epoch_86, batch_200] loss: 0.006
[epoch_86, batch_250] loss: 0.007
[epoch_86, batch_300] loss: 0.004
[epoch_86, batch_350] loss: 0.001
[epoch_86, batch_400] loss: 0.001
[epoch_86, batch_450] loss: 0.003
[epoch_86, batch_500] loss: 0.002
[epoch_86, batch_550] loss: 0.006
[epoch_86, batch_600] loss: 0.006
[epoch_86, batch_650] loss: 0.008
[epoch_86, batch_700] loss: 0.004
[epoch_86, batch_750] loss: 0.006
[epoch_86, batch_800] loss: 0.002
[epoch_86, batch_850] loss: 0.009
[epoch_86, batch_900] loss: 0.009
[epoch_86, batch_950] loss: 0.002
[epoch_86, batch_1000] loss: 0.001
[epoch_86, batch_1050] loss: 0.001
[epoch_86, batch_1100] loss: 0.001
[epoch_86, batch_1150] loss: 0.001
[epoch_86, batch_1200] loss: 0.002
[epoch_86, batch_1250] loss: 0.002
[epoch_86, batch_1300] loss: 0.002
[epoch_86, batch_1350] loss: 0.001
[epoch_87, batch_50] loss: 0.003
[epoch_87, batch_100] loss: 0.001
[epoch_87, batch_150] loss: 0.001
[epoch_87, batch_200] loss: 0.000
[epoch_87, batch_250] loss: 0.001
[epoch_87, batch_300] loss: 0.001
[epoch_87, batch_350] loss: 0.002
[epoch_87, batch_400] loss: 0.002
[epoch_87, batch_450] loss: 0.001
[epoch_87, batch_500] loss: 0.000
[epoch_87, batch_550] loss: 0.000
[epoch_87, batch_600] loss: 0.000
[epoch_87, batch_650] loss: 0.002
[epoch_87, batch_700] loss: 0.001
[epoch_87, batch_750] loss: 0.001
[epoch_87, batch_800] loss: 0.001
[epoch_87, batch_850] loss: 0.001
[epoch_87, batch_900] loss: 0.000
[epoch_87, batch_950] loss: 0.001
[epoch_87, batch_1000] loss: 0.002
[epoch_87, batch_1050] loss: 0.000
[epoch_87, batch_1100] loss: 0.000
[epoch_87, batch_1150] loss: 0.003
[epoch_87, batch_1200] loss: 0.004
[epoch_87, batch_1250] loss: 0.005
[epoch_87, batch_1300] loss: 0.003
[epoch_87, batch_1350] loss: 0.003
[epoch_88, batch_50] loss: 0.004
[epoch_88, batch_100] loss: 0.002
[epoch_88, batch_150] loss: 0.002
[epoch_88, batch_200] loss: 0.001
[epoch_88, batch_250] loss: 0.000
[epoch_88, batch_300] loss: 0.001
[epoch_88, batch_350] loss: 0.001
[epoch_88, batch_400] loss: 0.001
[epoch_88, batch_450] loss: 0.001
[epoch_88, batch_500] loss: 0.001
[epoch_88, batch_550] loss: 0.000
[epoch_88, batch_600] loss: 0.004
[epoch_88, batch_650] loss: 0.006
[epoch_88, batch_700] loss: 0.001
[epoch_88, batch_750] loss: 0.000
[epoch_88, batch_800] loss: 0.004
[epoch_88, batch_850] loss: 0.001
[epoch_88, batch_900] loss: 0.001
[epoch_88, batch_950] loss: 0.002
[epoch_88, batch_1000] loss: 0.001
[epoch_88, batch_1050] loss: 0.001
[epoch_88, batch_1100] loss: 0.003
[epoch_88, batch_1150] loss: 0.002
[epoch_88, batch_1200] loss: 0.003
[epoch_88, batch_1250] loss: 0.005
[epoch_88, batch_1300] loss: 0.002
[epoch_88, batch_1350] loss: 0.001
[epoch_89, batch_50] loss: 0.002
[epoch_89, batch_100] loss: 0.002
[epoch_89, batch_150] loss: 0.001
[epoch_89, batch_200] loss: 0.001
[epoch_89, batch_250] loss: 0.001
[epoch_89, batch_300] loss: 0.000
[epoch_89, batch_350] loss: 0.001
[epoch_89, batch_400] loss: 0.001
[epoch_89, batch_450] loss: 0.001
[epoch_89, batch_500] loss: 0.003
[epoch_89, batch_550] loss: 0.004
[epoch_89, batch_600] loss: 0.001
[epoch_89, batch_650] loss: 0.001
[epoch_89, batch_700] loss: 0.000
[epoch_89, batch_750] loss: 0.001
[epoch_89, batch_800] loss: 0.000
[epoch_89, batch_850] loss: 0.002
[epoch_89, batch_900] loss: 0.001
[epoch_89, batch_950] loss: 0.001
[epoch_89, batch_1000] loss: 0.001
[epoch_89, batch_1050] loss: 0.000
[epoch_89, batch_1100] loss: 0.001
[epoch_89, batch_1150] loss: 0.000
[epoch_89, batch_1200] loss: 0.001
[epoch_89, batch_1250] loss: 0.000
[epoch_89, batch_1300] loss: 0.001
[epoch_89, batch_1350] loss: 0.001
[epoch_90, batch_50] loss: 0.009
[epoch_90, batch_100] loss: 0.003
[epoch_90, batch_150] loss: 0.001
[epoch_90, batch_200] loss: 0.001
[epoch_90, batch_250] loss: 0.002
[epoch_90, batch_300] loss: 0.001
[epoch_90, batch_350] loss: 0.002
[epoch_90, batch_400] loss: 0.004
[epoch_90, batch_450] loss: 0.001
[epoch_90, batch_500] loss: 0.001
[epoch_90, batch_550] loss: 0.001
[epoch_90, batch_600] loss: 0.000
[epoch_90, batch_650] loss: 0.000
[epoch_90, batch_700] loss: 0.000
[epoch_90, batch_750] loss: 0.003
[epoch_90, batch_800] loss: 0.001
[epoch_90, batch_850] loss: 0.001
[epoch_90, batch_900] loss: 0.001
[epoch_90, batch_950] loss: 0.003
[epoch_90, batch_1000] loss: 0.002
[epoch_90, batch_1050] loss: 0.001
[epoch_90, batch_1100] loss: 0.001
[epoch_90, batch_1150] loss: 0.000
[epoch_90, batch_1200] loss: 0.003
[epoch_90, batch_1250] loss: 0.004
[epoch_90, batch_1300] loss: 0.001
[epoch_90, batch_1350] loss: 0.002
[epoch_91, batch_50] loss: 0.002
[epoch_91, batch_100] loss: 0.004
[epoch_91, batch_150] loss: 0.002
[epoch_91, batch_200] loss: 0.001
[epoch_91, batch_250] loss: 0.001
[epoch_91, batch_300] loss: 0.002
[epoch_91, batch_350] loss: 0.001
[epoch_91, batch_400] loss: 0.001
[epoch_91, batch_450] loss: 0.001
[epoch_91, batch_500] loss: 0.000
[epoch_91, batch_550] loss: 0.001
[epoch_91, batch_600] loss: 0.000
[epoch_91, batch_650] loss: 0.004
[epoch_91, batch_700] loss: 0.002
[epoch_91, batch_750] loss: 0.001
[epoch_91, batch_800] loss: 0.002
[epoch_91, batch_850] loss: 0.002
[epoch_91, batch_900] loss: 0.001
[epoch_91, batch_950] loss: 0.004
[epoch_91, batch_1000] loss: 0.001
[epoch_91, batch_1050] loss: 0.002
[epoch_91, batch_1100] loss: 0.003
[epoch_91, batch_1150] loss: 0.002
[epoch_91, batch_1200] loss: 0.001
[epoch_91, batch_1250] loss: 0.002
[epoch_91, batch_1300] loss: 0.004
[epoch_91, batch_1350] loss: 0.002
[epoch_92, batch_50] loss: 0.001
[epoch_92, batch_100] loss: 0.001
[epoch_92, batch_150] loss: 0.002
[epoch_92, batch_200] loss: 0.002
[epoch_92, batch_250] loss: 0.000
[epoch_92, batch_300] loss: 0.001
[epoch_92, batch_350] loss: 0.004
[epoch_92, batch_400] loss: 0.003
[epoch_92, batch_450] loss: 0.001
[epoch_92, batch_500] loss: 0.001
[epoch_92, batch_550] loss: 0.001
[epoch_92, batch_600] loss: 0.003
[epoch_92, batch_650] loss: 0.002
[epoch_92, batch_700] loss: 0.002
[epoch_92, batch_750] loss: 0.001
[epoch_92, batch_800] loss: 0.001
[epoch_92, batch_850] loss: 0.001
[epoch_92, batch_900] loss: 0.001
[epoch_92, batch_950] loss: 0.002
[epoch_92, batch_1000] loss: 0.001
[epoch_92, batch_1050] loss: 0.002
[epoch_92, batch_1100] loss: 0.004
[epoch_92, batch_1150] loss: 0.002
[epoch_92, batch_1200] loss: 0.003
[epoch_92, batch_1250] loss: 0.002
[epoch_92, batch_1300] loss: 0.001
[epoch_92, batch_1350] loss: 0.001
[epoch_93, batch_50] loss: 0.001
[epoch_93, batch_100] loss: 0.001
[epoch_93, batch_150] loss: 0.001
[epoch_93, batch_200] loss: 0.000
[epoch_93, batch_250] loss: 0.001
[epoch_93, batch_300] loss: 0.001
[epoch_93, batch_350] loss: 0.001
[epoch_93, batch_400] loss: 0.001
[epoch_93, batch_450] loss: 0.001
[epoch_93, batch_500] loss: 0.001
[epoch_93, batch_550] loss: 0.001
[epoch_93, batch_600] loss: 0.000
[epoch_93, batch_650] loss: 0.000
[epoch_93, batch_700] loss: 0.001
[epoch_93, batch_750] loss: 0.000
[epoch_93, batch_800] loss: 0.000
[epoch_93, batch_850] loss: 0.001
[epoch_93, batch_900] loss: 0.000
[epoch_93, batch_950] loss: 0.000
[epoch_93, batch_1000] loss: 0.001
[epoch_93, batch_1050] loss: 0.000
[epoch_93, batch_1100] loss: 0.000
[epoch_93, batch_1150] loss: 0.001
[epoch_93, batch_1200] loss: 0.002
[epoch_93, batch_1250] loss: 0.002
[epoch_93, batch_1300] loss: 0.001
[epoch_93, batch_1350] loss: 0.009
[epoch_94, batch_50] loss: 0.010
[epoch_94, batch_100] loss: 0.003
[epoch_94, batch_150] loss: 0.003
[epoch_94, batch_200] loss: 0.001
[epoch_94, batch_250] loss: 0.000
[epoch_94, batch_300] loss: 0.000
[epoch_94, batch_350] loss: 0.001
[epoch_94, batch_400] loss: 0.002
[epoch_94, batch_450] loss: 0.002
[epoch_94, batch_500] loss: 0.002
[epoch_94, batch_550] loss: 0.006
[epoch_94, batch_600] loss: 0.006
[epoch_94, batch_650] loss: 0.004
[epoch_94, batch_700] loss: 0.002
[epoch_94, batch_750] loss: 0.002
[epoch_94, batch_800] loss: 0.002
[epoch_94, batch_850] loss: 0.000
[epoch_94, batch_900] loss: 0.001
[epoch_94, batch_950] loss: 0.001
[epoch_94, batch_1000] loss: 0.005
[epoch_94, batch_1050] loss: 0.002
[epoch_94, batch_1100] loss: 0.002
[epoch_94, batch_1150] loss: 0.001
[epoch_94, batch_1200] loss: 0.001
[epoch_94, batch_1250] loss: 0.001
[epoch_94, batch_1300] loss: 0.001
[epoch_94, batch_1350] loss: 0.002
[epoch_95, batch_50] loss: 0.002
[epoch_95, batch_100] loss: 0.004
[epoch_95, batch_150] loss: 0.002
[epoch_95, batch_200] loss: 0.002
[epoch_95, batch_250] loss: 0.001
[epoch_95, batch_300] loss: 0.000
[epoch_95, batch_350] loss: 0.002
[epoch_95, batch_400] loss: 0.002
[epoch_95, batch_450] loss: 0.001
[epoch_95, batch_500] loss: 0.000
[epoch_95, batch_550] loss: 0.000
[epoch_95, batch_600] loss: 0.001
[epoch_95, batch_650] loss: 0.001
[epoch_95, batch_700] loss: 0.000
[epoch_95, batch_750] loss: 0.001
[epoch_95, batch_800] loss: 0.000
[epoch_95, batch_850] loss: 0.000
[epoch_95, batch_900] loss: 0.000
[epoch_95, batch_950] loss: 0.000
[epoch_95, batch_1000] loss: 0.001
[epoch_95, batch_1050] loss: 0.001
[epoch_95, batch_1100] loss: 0.001
[epoch_95, batch_1150] loss: 0.002
[epoch_95, batch_1200] loss: 0.002
[epoch_95, batch_1250] loss: 0.001
[epoch_95, batch_1300] loss: 0.001
[epoch_95, batch_1350] loss: 0.001
[epoch_96, batch_50] loss: 0.002
[epoch_96, batch_100] loss: 0.006
[epoch_96, batch_150] loss: 0.001
[epoch_96, batch_200] loss: 0.001
[epoch_96, batch_250] loss: 0.002
[epoch_96, batch_300] loss: 0.001
[epoch_96, batch_350] loss: 0.001
[epoch_96, batch_400] loss: 0.006
[epoch_96, batch_450] loss: 0.007
[epoch_96, batch_500] loss: 0.017
[epoch_96, batch_550] loss: 0.009
[epoch_96, batch_600] loss: 0.004
[epoch_96, batch_650] loss: 0.005
[epoch_96, batch_700] loss: 0.005
[epoch_96, batch_750] loss: 0.004
[epoch_96, batch_800] loss: 0.002
[epoch_96, batch_850] loss: 0.004
[epoch_96, batch_900] loss: 0.002
[epoch_96, batch_950] loss: 0.002
[epoch_96, batch_1000] loss: 0.002
[epoch_96, batch_1050] loss: 0.001
[epoch_96, batch_1100] loss: 0.000
[epoch_96, batch_1150] loss: 0.001
[epoch_96, batch_1200] loss: 0.001
[epoch_96, batch_1250] loss: 0.001
[epoch_96, batch_1300] loss: 0.001
[epoch_96, batch_1350] loss: 0.001
[epoch_97, batch_50] loss: 0.001
[epoch_97, batch_100] loss: 0.001
[epoch_97, batch_150] loss: 0.000
[epoch_97, batch_200] loss: 0.000
[epoch_97, batch_250] loss: 0.000
[epoch_97, batch_300] loss: 0.000
[epoch_97, batch_350] loss: 0.001
[epoch_97, batch_400] loss: 0.002
[epoch_97, batch_450] loss: 0.003
[epoch_97, batch_500] loss: 0.001
[epoch_97, batch_550] loss: 0.001
[epoch_97, batch_600] loss: 0.000
[epoch_97, batch_650] loss: 0.001
[epoch_97, batch_700] loss: 0.001
[epoch_97, batch_750] loss: 0.000
[epoch_97, batch_800] loss: 0.000
[epoch_97, batch_850] loss: 0.000
[epoch_97, batch_900] loss: 0.000
[epoch_97, batch_950] loss: 0.001
[epoch_97, batch_1000] loss: 0.001
[epoch_97, batch_1050] loss: 0.001
[epoch_97, batch_1100] loss: 0.001
[epoch_97, batch_1150] loss: 0.002
[epoch_97, batch_1200] loss: 0.002
[epoch_97, batch_1250] loss: 0.003
[epoch_97, batch_1300] loss: 0.001
[epoch_97, batch_1350] loss: 0.001
[epoch_98, batch_50] loss: 0.003
[epoch_98, batch_100] loss: 0.001
[epoch_98, batch_150] loss: 0.003
[epoch_98, batch_200] loss: 0.001
[epoch_98, batch_250] loss: 0.002
[epoch_98, batch_300] loss: 0.002
[epoch_98, batch_350] loss: 0.001
[epoch_98, batch_400] loss: 0.001
[epoch_98, batch_450] loss: 0.000
[epoch_98, batch_500] loss: 0.001
[epoch_98, batch_550] loss: 0.000
[epoch_98, batch_600] loss: 0.000
[epoch_98, batch_650] loss: 0.001
[epoch_98, batch_700] loss: 0.000
[epoch_98, batch_750] loss: 0.000
[epoch_98, batch_800] loss: 0.000
[epoch_98, batch_850] loss: 0.001
[epoch_98, batch_900] loss: 0.000
[epoch_98, batch_950] loss: 0.000
[epoch_98, batch_1000] loss: 0.002
[epoch_98, batch_1050] loss: 0.001
[epoch_98, batch_1100] loss: 0.001
[epoch_98, batch_1150] loss: 0.001
[epoch_98, batch_1200] loss: 0.001
[epoch_98, batch_1250] loss: 0.000
[epoch_98, batch_1300] loss: 0.000
[epoch_98, batch_1350] loss: 0.000
[epoch_99, batch_50] loss: 0.002
[epoch_99, batch_100] loss: 0.001
[epoch_99, batch_150] loss: 0.001
[epoch_99, batch_200] loss: 0.001
[epoch_99, batch_250] loss: 0.000
[epoch_99, batch_300] loss: 0.000
[epoch_99, batch_350] loss: 0.000
[epoch_99, batch_400] loss: 0.001
[epoch_99, batch_450] loss: 0.001
[epoch_99, batch_500] loss: 0.000
[epoch_99, batch_550] loss: 0.002
[epoch_99, batch_600] loss: 0.000
[epoch_99, batch_650] loss: 0.000
[epoch_99, batch_700] loss: 0.000
[epoch_99, batch_750] loss: 0.000
[epoch_99, batch_800] loss: 0.000
[epoch_99, batch_850] loss: 0.001
[epoch_99, batch_900] loss: 0.000
[epoch_99, batch_950] loss: 0.002
[epoch_99, batch_1000] loss: 0.005
[epoch_99, batch_1050] loss: 0.003
[epoch_99, batch_1100] loss: 0.005
[epoch_99, batch_1150] loss: 0.006
[epoch_99, batch_1200] loss: 0.003
[epoch_99, batch_1250] loss: 0.000
[epoch_99, batch_1300] loss: 0.001
[epoch_99, batch_1350] loss: 0.001
[epoch_100, batch_50] loss: 0.003
[epoch_100, batch_100] loss: 0.003
[epoch_100, batch_150] loss: 0.001
[epoch_100, batch_200] loss: 0.000
[epoch_100, batch_250] loss: 0.000
[epoch_100, batch_300] loss: 0.001
[epoch_100, batch_350] loss: 0.001
[epoch_100, batch_400] loss: 0.001
[epoch_100, batch_450] loss: 0.002
[epoch_100, batch_500] loss: 0.003
[epoch_100, batch_550] loss: 0.022
[epoch_100, batch_600] loss: 0.032
[epoch_100, batch_650] loss: 0.011
[epoch_100, batch_700] loss: 0.006
[epoch_100, batch_750] loss: 0.003
[epoch_100, batch_800] loss: 0.002
[epoch_100, batch_850] loss: 0.009
[epoch_100, batch_900] loss: 0.011
[epoch_100, batch_950] loss: 0.004
[epoch_100, batch_1000] loss: 0.010
[epoch_100, batch_1050] loss: 0.005
[epoch_100, batch_1100] loss: 0.004
[epoch_100, batch_1150] loss: 0.008
[epoch_100, batch_1200] loss: 0.002
[epoch_100, batch_1250] loss: 0.003
[epoch_100, batch_1300] loss: 0.012
[epoch_100, batch_1350] loss: 0.010
wandb: Waiting for W&B process to finish, PID 635948
wandb: Program ended successfully.
wandb: - 0.00MB of 0.00MB uploaded (0.00MB deduped)wandb: \ 0.00MB of 0.00MB uploaded (0.00MB deduped)wandb: | 0.11MB of 0.11MB uploaded (0.00MB deduped)wandb: / 0.11MB of 0.11MB uploaded (0.00MB deduped)wandb: - 0.11MB of 0.11MB uploaded (0.00MB deduped)wandb: \ 0.11MB of 0.11MB uploaded (0.00MB deduped)wandb: | 0.11MB of 0.11MB uploaded (0.00MB deduped)wandb: / 0.11MB of 0.11MB uploaded (0.00MB deduped)wandb: - 0.11MB of 0.11MB uploaded (0.00MB deduped)wandb: \ 0.11MB of 0.11MB uploaded (0.00MB deduped)wandb: | 0.11MB of 0.11MB uploaded (0.00MB deduped)wandb:                                                                                
wandb: Find user logs for this run at: /home/nttung/person-in-context/BPA-Net/bash/wandb/run-20210724_181547-35jfm6xo/logs/debug.log
wandb: Find internal logs for this run at: /home/nttung/person-in-context/BPA-Net/bash/wandb/run-20210724_181547-35jfm6xo/logs/debug-internal.log
wandb: Run summary:
wandb:   loss_matching_2019_default_param_context_pose_attention_no_one_hot 0.01039
wandb:                                                             _runtime 24887
wandb:                                                           _timestamp 1627175435
wandb:                                                                _step 2403
wandb: Run history:
wandb:   loss_matching_2019_default_param_context_pose_attention_no_one_hot ▅█▄▄▄▃▃▃▃▂▂▂▂▂▂▂▂▁▁▁▂▁▂▁▁▁▁▁▁▁▁▂▁▂▁▁▁▁▁▁
wandb:                                                             _runtime ▁▁▂▂▂▂▂▂▃▃▃▃▃▃▄▄▄▄▄▅▅▅▅▅▅▆▆▆▆▆▆▇▇▇▇▇▇███
wandb:                                                           _timestamp ▁▁▂▂▂▂▂▂▃▃▃▃▃▃▄▄▄▄▄▅▅▅▅▅▅▆▆▆▆▆▆▇▇▇▇▇▇███
wandb:                                                                _step ▁▁▁▁▂▂▂▂▂▃▃▃▃▃▃▄▄▄▄▄▅▅▅▅▅▅▆▆▆▆▆▆▇▇▇▇▇███
wandb: 
wandb: Synced 6 W&B file(s), 1 media file(s), 0 artifact file(s) and 0 other file(s)
wandb: 
wandb: Synced sleek-elevator-129: https://wandb.ai/nttung1110/Thesis/runs/35jfm6xo

